True
----------------------------------------------------------------
        Layer (type)               Output Shape         Param #
================================================================
            Conv2d-1           [-1, 64, 28, 28]             576
       BatchNorm2d-2           [-1, 64, 28, 28]             128
              ReLU-3           [-1, 64, 28, 28]               0
            Conv2d-4          [-1, 128, 28, 28]          73,728
       BatchNorm2d-5          [-1, 128, 28, 28]             256
              ReLU-6          [-1, 128, 28, 28]               0
            Conv2d-7          [-1, 128, 28, 28]         147,456
       BatchNorm2d-8          [-1, 128, 28, 28]             256
              ReLU-9          [-1, 128, 28, 28]               0
           Conv2d-10          [-1, 128, 28, 28]         147,456
      BatchNorm2d-11          [-1, 128, 28, 28]             256
             ReLU-12          [-1, 128, 28, 28]               0
        MaxPool2d-13          [-1, 128, 14, 14]               0
           Conv2d-14          [-1, 128, 14, 14]         147,456
      BatchNorm2d-15          [-1, 128, 14, 14]             256
             ReLU-16          [-1, 128, 14, 14]               0
           Conv2d-17          [-1, 128, 14, 14]         147,456
      BatchNorm2d-18          [-1, 128, 14, 14]             256
             ReLU-19          [-1, 128, 14, 14]               0
           Conv2d-20          [-1, 256, 14, 14]         294,912
      BatchNorm2d-21          [-1, 256, 14, 14]             512
             ReLU-22          [-1, 256, 14, 14]               0
        MaxPool2d-23            [-1, 256, 7, 7]               0
           Conv2d-24            [-1, 256, 7, 7]         589,824
      BatchNorm2d-25            [-1, 256, 7, 7]             512
             ReLU-26            [-1, 256, 7, 7]               0
           Conv2d-27            [-1, 256, 7, 7]         589,824
      BatchNorm2d-28            [-1, 256, 7, 7]             512
             ReLU-29            [-1, 256, 7, 7]               0
           Conv2d-30            [-1, 512, 7, 7]         131,072
      BatchNorm2d-31            [-1, 512, 7, 7]           1,024
             ReLU-32            [-1, 512, 7, 7]               0
           Conv2d-33            [-1, 512, 7, 7]       2,359,296
      BatchNorm2d-34            [-1, 512, 7, 7]           1,024
             ReLU-35            [-1, 512, 7, 7]               0
           Conv2d-36           [-1, 2048, 7, 7]       1,048,576
      BatchNorm2d-37           [-1, 2048, 7, 7]           4,096
             ReLU-38           [-1, 2048, 7, 7]               0
           Conv2d-39            [-1, 512, 7, 7]       1,048,576
      BatchNorm2d-40            [-1, 512, 7, 7]           1,024
             ReLU-41            [-1, 512, 7, 7]               0
           Conv2d-42            [-1, 256, 7, 7]       1,179,648
      BatchNorm2d-43            [-1, 256, 7, 7]             512
             ReLU-44            [-1, 256, 7, 7]               0
        AvgPool2d-45            [-1, 256, 1, 1]               0
           Linear-46                   [-1, 10]           2,570
================================================================
Total params: 7,919,050
Trainable params: 7,919,050
Non-trainable params: 0
----------------------------------------------------------------
Input size (MB): 0.00
Forward/backward pass size (MB): 15.51
Params size (MB): 30.21
Estimated Total Size (MB): 45.72
----------------------------------------------------------------
None
0 0.1393635119871258 	 0.9583160166850175 	 0.04184230704559013 	 0.987890625
1 0.029260414758818628 	 0.9910965473450664 	 0.029031815743655896 	 0.99140625
2 0.020310064984659384 	 0.9939458120204604 	 0.04195848198323802 	 0.988671875
3 0.01586750744814601 	 0.99528452685422 	 0.027485266754956682 	 0.992578125
4 0.012355436399147924 	 0.9964514066801047 	 0.03854783762144507 	 0.98916015625
5 0.010881248189781286 	 0.9966432225063938 	 0.0251885807596409 	 0.9927734375
6 0.008216844665047669 	 0.9973705243271636 	 0.018784176349072368 	 0.99453125
7 0.006164563756831803 	 0.9981218030690537 	 0.04404445565014612 	 0.9869140625
8 0.005722768799029053 	 0.998261668797954 	 0.027335441399918635 	 0.9935546875
9 0.003840019989772426 	 0.9988411125319693 	 0.02098367477319698 	 0.994921875
10 0.004467070710075938 	 0.9983695652478796 	 0.024921291734790428 	 0.993359375
11 0.003700415472644578 	 0.9989410166240409 	 0.01815970371876574 	 0.9953125
12 0.0013809537112372994 	 0.9996403452685422 	 0.0188817145343819 	 0.9955078125
13 0.0017998059149268064 	 0.9994804987212276 	 0.019007894148262493 	 0.9955078125
14 0.0007506447509885408 	 0.9998601342710998 	 0.017145405717997164 	 0.9962890625
15 0.0005995187972387349 	 0.999880115089514 	 0.014576246385445302 	 0.996484375
16 0.0006401178941586623 	 0.999880115089514 	 0.01507797907947861 	 0.996875
17 0.0003345919685671106 	 0.9999600383631714 	 0.016063080256901684 	 0.9966796875
18 0.0004187669036468542 	 0.999940057544757 	 0.015877832553769622 	 0.99638671875
19 0.0001969991903759532 	 0.9999800191815856 	 0.015484469379350685 	 0.996875
20 0.00019313320645753145 	 1.0 	 0.015315768138759723 	 0.996875
21 0.00011412319830194002 	 1.0 	 0.015026030552735391 	 0.99658203125
22 0.0001506426993295733 	 0.9999800191815856 	 0.01739494476892105 	 0.996484375
23 0.00028468320098323145 	 0.9999600383631714 	 0.015738104282979747 	 0.9970703125
24 7.177593967621051e-05 	 1.0 	 0.015303719875021216 	 0.9966796875
25 0.0003615210161745467 	 0.9999000959079284 	 0.015756006717879245 	 0.99716796875
26 0.0013571147045069684 	 0.9996003836317136 	 0.02401915502422298 	 0.99453125
27 0.0025629972043853086 	 0.9993206521739131 	 0.02206110911693031 	 0.99365234375
28 0.0019331499718360122 	 0.9994804987212276 	 0.02319452194060432 	 0.99521484375
29 0.0006916819159453988 	 0.9998401534526854 	 0.01953504960970349 	 0.9958984375
30 0.00027380566206307625 	 0.999940057544757 	 0.01913921908571865 	 0.99560546875
31 0.0009428766084533251 	 0.9997602301790282 	 0.02117492038335058 	 0.9955078125
32 0.0003131719994624412 	 0.9999600383631714 	 0.019188489071359525 	 0.99599609375
33 0.0002507566076977772 	 0.9999800191815856 	 0.019331558802718973 	 0.99619140625
34 0.00011302375183787609 	 1.0 	 0.016948957869044535 	 0.996484375
35 7.134669035005801e-05 	 1.0 	 0.017488367491512235 	 0.99619140625
36 5.3420494124481275e-05 	 1.0 	 0.01699911953053288 	 0.99658203125
37 4.912418178886713e-05 	 1.0 	 0.01721930190620924 	 0.9962890625
38 4.2832288851812924e-05 	 1.0 	 0.017038043328875575 	 0.996484375
39 4.0546014201180516e-05 	 1.0 	 0.017213966171237872 	 0.996484375
40 3.436487580951684e-05 	 1.0 	 0.017193594593157967 	 0.99658203125
41 3.901579690890362e-05 	 1.0 	 0.017710460357579904 	 0.99619140625
42 3.397027456328412e-05 	 1.0 	 0.017827282335525753 	 0.99619140625
43 3.171762834898965e-05 	 1.0 	 0.017693741755232396 	 0.9962890625
44 3.5357201299088225e-05 	 1.0 	 0.017934869821715438 	 0.996484375
45 3.0342877625863342e-05 	 1.0 	 0.017439761132305876 	 0.9962890625
46 3.076192950668155e-05 	 1.0 	 0.018118010860541746 	 0.9962890625
47 3.274195425844815e-05 	 1.0 	 0.017359550175848427 	 0.9962890625
48 2.5255822085846074e-05 	 1.0 	 0.017872525380090563 	 0.99609375
49 2.8213797177252038e-05 	 1.0 	 0.017772895494471187 	 0.99619140625
50 2.5455275564334097e-05 	 1.0 	 0.018152914762873708 	 0.9962890625
51 2.4405268565256996e-05 	 1.0 	 0.017995790865052187 	 0.99619140625
52 2.3213760935404957e-05 	 1.0 	 0.01740446074526858 	 0.996484375
53 2.1136340114993744e-05 	 1.0 	 0.01828220687769999 	 0.99619140625
54 2.5755816457957506e-05 	 1.0 	 0.01784341835647183 	 0.99638671875
55 2.37125200020387e-05 	 1.0 	 0.017441482921378794 	 0.9962890625
56 1.943245054688379e-05 	 1.0 	 0.017711922391970347 	 0.99638671875
57 2.012267642766744e-05 	 1.0 	 0.0181527861982147 	 0.996484375
58 1.9660089536585792e-05 	 1.0 	 0.018002301474729164 	 0.99658203125
59 1.87420479199939e-05 	 1.0 	 0.017978225059397345 	 0.99658203125
60 1.7785079118948023e-05 	 1.0 	 0.0181403936618608 	 0.99638671875
61 1.778159281989863e-05 	 1.0 	 0.018146415704671882 	 0.99638671875
62 1.851944336784984e-05 	 1.0 	 0.01787212361390402 	 0.99638671875
63 1.8064134485397602e-05 	 1.0 	 0.018023734339067232 	 0.99677734375
64 1.7976089467941833e-05 	 1.0 	 0.017704549517122813 	 0.996484375
65 1.8416059276805613e-05 	 1.0 	 0.01844612758305857 	 0.9962890625
66 1.6204042960029735e-05 	 1.0 	 0.018578221713562472 	 0.99638671875
67 1.5561841919430276e-05 	 1.0 	 0.018346057090542444 	 0.996484375
68 1.537473677437163e-05 	 1.0 	 0.018094817054804934 	 0.99638671875
69 1.8282075989586502e-05 	 1.0 	 0.018286387595986754 	 0.9962890625
70 1.686783710230135e-05 	 1.0 	 0.01808498336708624 	 0.9962890625
71 1.792759831458826e-05 	 1.0 	 0.018594832255234905 	 0.996484375
72 1.4891712726704563e-05 	 1.0 	 0.018572200207904642 	 0.996484375
73 1.3721317731198625e-05 	 1.0 	 0.018682806397765716 	 0.9962890625
74 1.5141343519853926e-05 	 1.0 	 0.018603301896206403 	 0.9962890625
75 1.2445960326500506e-05 	 1.0 	 0.018358173405039223 	 0.996484375
76 1.4870393820239438e-05 	 1.0 	 0.019127938512616537 	 0.99599609375
77 1.346222321767981e-05 	 1.0 	 0.019096212528424417 	 0.996484375
78 1.3322615633252004e-05 	 1.0 	 0.017948519301873488 	 0.99638671875
79 1.2925285523764e-05 	 1.0 	 0.018242662421707224 	 0.99638671875
80 1.2520481458385897e-05 	 1.0 	 0.018390105585893934 	 0.9962890625
81 1.482638085539074e-05 	 1.0 	 0.018656667316187737 	 0.99658203125
82 1.2767041461304469e-05 	 1.0 	 0.018272316264540223 	 0.996484375
83 1.2312462587333286e-05 	 1.0 	 0.018189977494719754 	 0.99638671875
84 1.2356438184394236e-05 	 1.0 	 0.0185226258293568 	 0.996484375
85 1.3627498955850493e-05 	 1.0 	 0.01834401198236151 	 0.99638671875
86 1.174839808172087e-05 	 1.0 	 0.018632306704068922 	 0.9962890625
87 1.132936759612585e-05 	 1.0 	 0.018665779534148896 	 0.996484375
88 1.200818709388413e-05 	 1.0 	 0.019653359887746545 	 0.99658203125
89 1.1745412755788404e-05 	 1.0 	 0.018304889352003785 	 0.99638671875
90 1.0640856125066928e-05 	 1.0 	 0.01869074223164944 	 0.996484375
91 1.235912264261744e-05 	 1.0 	 0.01927900165815686 	 0.996484375
92 1.2015171287458842e-05 	 1.0 	 0.01846438417531715 	 0.996484375
93 1.1812229592364661e-05 	 1.0 	 0.01862871980203238 	 0.9966796875
94 1.0375959615124596e-05 	 1.0 	 0.018695190665044947 	 0.996484375
95 1.044095358124383e-05 	 1.0 	 0.01923001134397282 	 0.99638671875
96 1.1398846164025097e-05 	 1.0 	 0.018314526452238057 	 0.99638671875
97 1.0087849673859602e-05 	 1.0 	 0.01882244240437956 	 0.99658203125
98 1.1017412342208326e-05 	 1.0 	 0.018784978211436966 	 0.99638671875
99 1.0570216047822597e-05 	 1.0 	 0.018365505029890983 	 0.996484375
100 1.0794168939527715e-05 	 1.0 	 0.018484731645460783 	 0.99677734375
101 1.1642648157697845e-05 	 1.0 	 0.018502560785307764 	 0.99658203125
102 8.979453933997275e-06 	 1.0 	 0.018434247064016064 	 0.99658203125
103 1.200335887145641e-05 	 1.0 	 0.01820778674747601 	 0.996484375
104 1.0147991795694157e-05 	 1.0 	 0.018216823072657463 	 0.99638671875
105 8.628630788399927e-06 	 1.0 	 0.01886082579563606 	 0.99677734375
106 9.528080942877203e-06 	 1.0 	 0.018434195808751497 	 0.996484375
107 1.3016382937152825e-05 	 1.0 	 0.018551219340332638 	 0.99677734375
108 9.098904193413317e-06 	 1.0 	 0.018700777367544674 	 0.99677734375
109 9.235333044138609e-06 	 1.0 	 0.018630166769671063 	 0.99638671875
110 8.946048818733383e-06 	 1.0 	 0.018119684784028322 	 0.996484375
111 9.60925911512628e-06 	 1.0 	 0.01930072065301829 	 0.996484375
112 8.783054997826543e-06 	 1.0 	 0.01817045268260813 	 0.9962890625
113 9.545154189091565e-06 	 1.0 	 0.01840282098435182 	 0.99638671875
114 9.256325320759219e-06 	 1.0 	 0.018466748855826155 	 0.99658203125
115 8.81293713506178e-06 	 1.0 	 0.019167992961780556 	 0.99658203125
116 1.0197625944011539e-05 	 1.0 	 0.019827476302208425 	 0.99619140625
117 1.027913369440317e-05 	 1.0 	 0.018878956572842755 	 0.996484375
118 1.0035408408234652e-05 	 1.0 	 0.01859569688270426 	 0.99638671875
119 8.823902033134549e-06 	 1.0 	 0.019097037003743367 	 0.99658203125
120 1.4640366922831256e-05 	 1.0 	 0.018737749107864944 	 0.99658203125
121 9.049283308075739e-06 	 1.0 	 0.01850145201523219 	 0.99658203125
122 1.0004267324765424e-05 	 1.0 	 0.018313791888050445 	 0.996484375
123 9.202142094233082e-06 	 1.0 	 0.018666739353179196 	 0.99658203125
124 8.047868750637158e-06 	 1.0 	 0.01854174899158636 	 0.99658203125
125 7.480860135659235e-06 	 1.0 	 0.019046762125816484 	 0.99638671875
126 8.289655812007059e-06 	 1.0 	 0.018745141518624563 	 0.996484375
127 7.516276073635786e-06 	 1.0 	 0.01892133313116915 	 0.996484375
128 8.005071280971225e-06 	 1.0 	 0.018694855204492454 	 0.996484375
129 8.287407477137258e-06 	 1.0 	 0.01923483785079725 	 0.996484375
130 7.922671675073977e-06 	 1.0 	 0.018743865120038096 	 0.996484375
131 7.637689866401382e-06 	 1.0 	 0.018846286054227335 	 0.99638671875
132 8.177360965230799e-06 	 1.0 	 0.018962591877360067 	 0.99638671875
133 7.16046333455893e-06 	 1.0 	 0.01864773294354336 	 0.99638671875
134 7.524220927385948e-06 	 1.0 	 0.018896318250637024 	 0.9966796875
135 8.073876664618166e-06 	 1.0 	 0.01916276283820082 	 0.99658203125
136 7.037380883024911e-06 	 1.0 	 0.018574166228683 	 0.99638671875
137 8.939432664343477e-06 	 1.0 	 0.019521869531737936 	 0.99638671875
138 6.95890963188992e-06 	 1.0 	 0.01860780067432586 	 0.9962890625
139 8.260985342110038e-06 	 1.0 	 0.018911030926784634 	 0.99638671875
140 7.4842782627307605e-06 	 1.0 	 0.018909105386893544 	 0.99658203125
141 6.9967827015172164e-06 	 1.0 	 0.018166444019678353 	 0.99638671875
142 6.992202420196755e-06 	 1.0 	 0.018684600703676325 	 0.996484375
143 7.12109786989998e-06 	 1.0 	 0.01894244042428852 	 0.996484375
144 7.046915339286644e-06 	 1.0 	 0.01895241862178807 	 0.9962890625
145 6.792653694527176e-06 	 1.0 	 0.018682065645973012 	 0.99638671875
146 6.945053724927635e-06 	 1.0 	 0.019024806998035614 	 0.99638671875
147 7.754172026784603e-06 	 1.0 	 0.019009909656392664 	 0.99658203125
148 7.92736583687777e-06 	 1.0 	 0.01892971332231639 	 0.99638671875
149 7.582109061992326e-06 	 1.0 	 0.018729083727077978 	 0.99638671875
150 6.898926440183871e-06 	 1.0 	 0.019377731898680396 	 0.996484375
151 6.800356982937286e-06 	 1.0 	 0.01879544792122374 	 0.996484375
152 8.04664568960988e-06 	 1.0 	 0.01968764039378641 	 0.996484375
153 6.678218286840239e-06 	 1.0 	 0.018665309131836238 	 0.99638671875
154 7.194948939995858e-06 	 1.0 	 0.018846901750745815 	 0.99638671875
155 6.1632701740994115e-06 	 1.0 	 0.018287293858701047 	 0.996484375
156 6.678593008543181e-06 	 1.0 	 0.018810795075654595 	 0.9962890625
157 6.728777403481208e-06 	 1.0 	 0.019035222260333738 	 0.99658203125
158 6.235704595127272e-06 	 1.0 	 0.01937743197802604 	 0.9962890625
159 6.312943929582769e-06 	 1.0 	 0.018670410098604862 	 0.99619140625
160 8.296257038820883e-06 	 1.0 	 0.019096645977981552 	 0.9966796875
161 5.980010114445714e-06 	 1.0 	 0.018657068245747154 	 0.996484375
162 6.554077946134676e-06 	 1.0 	 0.018196638909225273 	 0.9966796875
163 6.453663868772443e-06 	 1.0 	 0.018994615455270036 	 0.9962890625
164 7.176863855338966e-06 	 1.0 	 0.019116840626929844 	 0.996484375
165 6.477427144886569e-06 	 1.0 	 0.01907019384905766 	 0.996484375
166 5.659289681809516e-06 	 1.0 	 0.01928984901991839 	 0.99619140625
167 7.082232135362481e-06 	 1.0 	 0.019150422698905344 	 0.99638671875
168 6.136718657926441e-06 	 1.0 	 0.019139896753011955 	 0.9966796875
169 6.050599612096106e-06 	 1.0 	 0.018603779402670283 	 0.9966796875
170 6.035680021713422e-06 	 1.0 	 0.019042450823005198 	 0.9962890625
171 6.083119115035404e-06 	 1.0 	 0.019397688216869824 	 0.99658203125
172 6.2596618829182565e-06 	 1.0 	 0.018676793588494434 	 0.99638671875
173 5.913001687344256e-06 	 1.0 	 0.018601568672355028 	 0.9962890625
174 6.129193421131272e-06 	 1.0 	 0.019181877392819048 	 0.9962890625
175 5.6539337218827405e-06 	 1.0 	 0.018655776209740793 	 0.9966796875
176 5.911118839084457e-06 	 1.0 	 0.019105056072132243 	 0.9966796875
177 5.576357511229377e-06 	 1.0 	 0.01893448489890659 	 0.9962890625
178 5.86506520073232e-06 	 1.0 	 0.019430517956200787 	 0.996484375
179 5.896006100870426e-06 	 1.0 	 0.020255180272297935 	 0.996484375
180 5.590791851588324e-06 	 1.0 	 0.019166890241525892 	 0.9962890625
181 5.0640131887767895e-06 	 1.0 	 0.019350285083922357 	 0.9966796875
182 5.6829276535122945e-06 	 1.0 	 0.019766955890840165 	 0.996484375
183 6.044262538830422e-06 	 1.0 	 0.019492769824375956 	 0.99619140625
184 5.6537602898495844e-06 	 1.0 	 0.01978112733297621 	 0.9966796875
185 5.928837264790349e-06 	 1.0 	 0.019455196957935073 	 0.9966796875
186 5.424861671356426e-06 	 1.0 	 0.019563494087263676 	 0.99638671875
187 5.467840680729753e-06 	 1.0 	 0.019546298744488412 	 0.9966796875
188 5.302825562801705e-06 	 1.0 	 0.01914793262104695 	 0.9962890625
189 5.3315199124590715e-06 	 1.0 	 0.01953584876291643 	 0.99638671875
190 5.584885548799616e-06 	 1.0 	 0.019168068144188054 	 0.9962890625
191 5.24949592641986e-06 	 1.0 	 0.01978715567744018 	 0.99638671875
192 5.4039372830781065e-06 	 1.0 	 0.01990582882194758 	 0.99658203125
193 5.891011849138164e-06 	 1.0 	 0.019374044276818835 	 0.99609375
194 4.923945595710811e-06 	 1.0 	 0.019809373364860505 	 0.996484375
195 5.726906953972865e-06 	 1.0 	 0.019253332380975506 	 0.99658203125
196 5.265777750000059e-06 	 1.0 	 0.01941087154648642 	 0.99638671875
197 5.9164732640935425e-06 	 1.0 	 0.019433172482649752 	 0.99638671875
198 9.658808892981354e-06 	 1.0 	 0.02120947529658679 	 0.99619140625
199 6.154770027021589e-06 	 1.0 	 0.019483401245270215 	 0.99638671875
200 9.614185026821872e-06 	 1.0 	 0.01928519864978 	 0.996484375
201 5.4092935122478785e-06 	 1.0 	 0.01914245653430129 	 0.9966796875
202 5.097316520883615e-06 	 1.0 	 0.01936767390434966 	 0.99677734375
203 4.7547191242071494e-06 	 1.0 	 0.018954053628674215 	 0.9966796875
204 5.157197470905378e-06 	 1.0 	 0.02018410822792873 	 0.99677734375
205 4.67701710380299e-06 	 1.0 	 0.020056056689719527 	 0.99658203125
206 5.167480560808691e-06 	 1.0 	 0.019282400630527264 	 0.99677734375
207 5.2156279161514585e-06 	 1.0 	 0.01953981250321135 	 0.99677734375
208 4.76566810539574e-06 	 1.0 	 0.019017569139239753 	 0.9966796875
209 4.765555914659357e-06 	 1.0 	 0.01973322596355871 	 0.996484375
210 5.095765552997524e-06 	 1.0 	 0.019039053024836505 	 0.99638671875
211 4.680747598690699e-06 	 1.0 	 0.019943432127099925 	 0.9966796875
212 5.403260034303285e-06 	 1.0 	 0.01947576656136505 	 0.996484375
213 4.881139075874773e-06 	 1.0 	 0.019440389283944627 	 0.9966796875
214 5.186665003873811e-06 	 1.0 	 0.01918463587237511 	 0.99658203125
215 4.69755661721333e-06 	 1.0 	 0.019522217422692733 	 0.9966796875
216 4.8750135771578195e-06 	 1.0 	 0.019349093040280253 	 0.996484375
217 5.097609201686766e-06 	 1.0 	 0.01972735727970587 	 0.996484375
218 4.665204581382698e-06 	 1.0 	 0.019917704488668163 	 0.9966796875
219 4.9494430650947434e-06 	 1.0 	 0.01955245208577878 	 0.9962890625
220 4.787267186384967e-06 	 1.0 	 0.01905069098140757 	 0.996484375
221 4.795391579855533e-06 	 1.0 	 0.01966989064617053 	 0.99658203125
222 4.864309894075581e-06 	 1.0 	 0.020245064211815135 	 0.99658203125
223 5.29564225123749e-06 	 1.0 	 0.01973984138475089 	 0.996484375
224 4.816422541112201e-06 	 1.0 	 0.019542792126370046 	 0.996875
225 4.2949270824311685e-06 	 1.0 	 0.01946745676102779 	 0.99658203125
226 4.9645916911323204e-06 	 1.0 	 0.019946625439368405 	 0.996875
227 4.554649001478482e-06 	 1.0 	 0.01980452850198162 	 0.99677734375
228 4.553793097327291e-06 	 1.0 	 0.02017061550350121 	 0.9962890625
229 5.387857171495397e-06 	 1.0 	 0.019466825004542443 	 0.9966796875
230 4.659753558906446e-06 	 1.0 	 0.019848457636271633 	 0.99658203125
231 5.0469822927994134e-06 	 1.0 	 0.0195206090541717 	 0.99677734375
232 4.6372915654522345e-06 	 1.0 	 0.019904211994381173 	 0.99638671875
233 4.20199551015108e-06 	 1.0 	 0.019514511634781684 	 0.996484375
234 4.845436290887174e-06 	 1.0 	 0.020295089205203 	 0.996484375
235 4.243682259848612e-06 	 1.0 	 0.019292797262427542 	 0.9962890625
236 4.292633459639049e-06 	 1.0 	 0.019296119060589943 	 0.996484375
237 4.013444279856223e-06 	 1.0 	 0.02001494888848896 	 0.996484375
238 4.365657682601964e-06 	 1.0 	 0.019878890819060756 	 0.99638671875
239 4.39784802245743e-06 	 1.0 	 0.02039067768116922 	 0.9962890625
240 4.40523552750332e-06 	 1.0 	 0.019688100039391542 	 0.996484375
241 4.516075256754953e-06 	 1.0 	 0.019646049703159463 	 0.99658203125
242 4.354841504503865e-06 	 1.0 	 0.019597849711554715 	 0.9966796875
243 5.097350990238521e-06 	 1.0 	 0.019785304671488292 	 0.996484375
244 4.350969947511278e-06 	 1.0 	 0.020171556831259353 	 0.996484375
245 4.2919494369023295e-06 	 1.0 	 0.019280048723649655 	 0.996484375
246 4.259342455721275e-06 	 1.0 	 0.019436065191820263 	 0.996484375
247 4.732629547898654e-06 	 1.0 	 0.019910314212526713 	 0.99658203125
248 4.568818895785558e-06 	 1.0 	 0.01960128936694048 	 0.99658203125
249 4.254055212364303e-06 	 1.0 	 0.019530238451150695 	 0.9966796875
250 4.0786842605124165e-06 	 1.0 	 0.019150863662891027 	 0.99638671875
251 4.756064467494903e-06 	 1.0 	 0.0195866396121545 	 0.99638671875
252 4.0352876053859285e-06 	 1.0 	 0.01943311439291051 	 0.99658203125
253 4.033573721063032e-06 	 1.0 	 0.01903217171184792 	 0.9962890625
254 4.504427249946933e-06 	 1.0 	 0.020125945086138585 	 0.996484375
255 4.677334825513256e-06 	 1.0 	 0.019617132956258842 	 0.996484375
256 4.2294672314308214e-06 	 1.0 	 0.019577104921584976 	 0.996484375
257 4.0030434070453e-06 	 1.0 	 0.019553134260752357 	 0.99658203125
258 4.300913710349771e-06 	 1.0 	 0.019264168953674242 	 0.996484375
259 3.931435876473518e-06 	 1.0 	 0.01979725731448667 	 0.996484375
260 4.425324176360806e-06 	 1.0 	 0.019157698822451153 	 0.99677734375
261 3.811733249287146e-06 	 1.0 	 0.019912934271788175 	 0.9962890625
262 4.0229652246844385e-06 	 1.0 	 0.01999479380627207 	 0.99638671875
263 4.907300529745309e-06 	 1.0 	 0.0192997879224464 	 0.9962890625
264 4.127563630865315e-06 	 1.0 	 0.01963476112083242 	 0.996484375
265 6.643368009500519e-06 	 1.0 	 0.020063928980286506 	 0.99619140625
266 4.309823093262356e-06 	 1.0 	 0.019638036148388948 	 0.9962890625
267 4.135357912214099e-06 	 1.0 	 0.01931862274317524 	 0.99658203125
268 4.142240786247252e-06 	 1.0 	 0.02001630630933704 	 0.9962890625
269 1.2788350760214146e-05 	 1.0 	 0.020560950276697555 	 0.99658203125
270 8.151210257383261e-06 	 1.0 	 0.019887276950485956 	 0.996484375
271 4.597887803157692e-06 	 1.0 	 0.019820201263674165 	 0.996484375
272 4.215817187053259e-06 	 1.0 	 0.020329437697927232 	 0.99658203125
273 4.81589278458143e-06 	 1.0 	 0.02057409663268004 	 0.996484375
274 5.136091834696498e-06 	 1.0 	 0.020336193953879443 	 0.996484375
275 4.564707154704383e-06 	 1.0 	 0.02011549090631064 	 0.996484375
276 4.345377672773646e-06 	 1.0 	 0.020688163533303338 	 0.9962890625
277 4.301523016264957e-06 	 1.0 	 0.020047917054610308 	 0.9962890625
278 5.4985256581304664e-06 	 1.0 	 0.020391743153136587 	 0.9962890625
279 4.136447014528542e-06 	 1.0 	 0.019695936056720598 	 0.996484375
280 4.172747371699409e-06 	 1.0 	 0.020227537275673058 	 0.99638671875
281 4.179821420181382e-06 	 1.0 	 0.02079269710450262 	 0.99638671875
282 5.409216347670224e-06 	 1.0 	 0.020037422823396867 	 0.996484375
283 4.071288224010792e-06 	 1.0 	 0.020607324861370558 	 0.996484375
284 3.9359657706826165e-06 	 1.0 	 0.020849206965324642 	 0.996484375
285 3.803124089179972e-06 	 1.0 	 0.019999864068779516 	 0.9966796875
286 3.988349243705377e-06 	 1.0 	 0.021111462048881435 	 0.99658203125
287 3.94874777156802e-06 	 1.0 	 0.02054087329423453 	 0.996484375
288 3.5506242586489696e-06 	 1.0 	 0.020246390628599897 	 0.996484375
289 4.0709514962454844e-06 	 1.0 	 0.020407771674318554 	 0.9966796875
290 3.712795710550295e-06 	 1.0 	 0.020802030446698438 	 0.99638671875
291 3.921764813845896e-06 	 1.0 	 0.020322924323252778 	 0.9962890625
292 4.164738247668759e-06 	 1.0 	 0.02008655970348059 	 0.996484375
293 4.193655593040659e-06 	 1.0 	 0.02046293285487195 	 0.9966796875
294 4.020994685783303e-06 	 1.0 	 0.020041065136064164 	 0.99638671875
295 3.6920655213431216e-06 	 1.0 	 0.020055737087697877 	 0.99658203125
296 3.9548581417943e-06 	 1.0 	 0.020915989298535463 	 0.99658203125
297 4.9724410566615724e-06 	 1.0 	 0.020523485642293338 	 0.99638671875
298 4.138744472143431e-06 	 1.0 	 0.020176674931678917 	 0.99619140625
299 3.6747629946546423e-06 	 1.0 	 0.020341682577141286 	 0.99658203125
300 4.035311484564756e-06 	 1.0 	 0.020244511993988114 	 0.99658203125
301 4.263069705445823e-06 	 1.0 	 0.019951910331811006 	 0.99638671875
302 3.834570017943987e-06 	 1.0 	 0.01995464701792855 	 0.99619140625
303 4.2079626137364104e-06 	 1.0 	 0.020301664672838626 	 0.99658203125
304 3.489722145247151e-06 	 1.0 	 0.020156526403589226 	 0.99638671875
305 3.7026966845801595e-06 	 1.0 	 0.020604677884917065 	 0.996484375
306 3.405061339113472e-06 	 1.0 	 0.020331616031614885 	 0.9966796875
307 3.4943015132930412e-06 	 1.0 	 0.020043943646814454 	 0.99638671875
308 3.872263103280102e-06 	 1.0 	 0.0203613528079174 	 0.99658203125
309 4.114805989347518e-06 	 1.0 	 0.020673167515853665 	 0.996484375
310 4.473015071054244e-06 	 1.0 	 0.020367368570859412 	 0.99658203125
311 3.6262944885332697e-06 	 1.0 	 0.020141910731281597 	 0.99638671875
312 3.5894865914494923e-06 	 1.0 	 0.020343720125335096 	 0.99638671875
313 3.750896252129636e-06 	 1.0 	 0.0211103322246629 	 0.9962890625
314 3.80370820357479e-06 	 1.0 	 0.02061816591872656 	 0.99638671875
315 3.2485427343550687e-06 	 1.0 	 0.02045029848632396 	 0.996484375
316 4.7622503340680665e-06 	 1.0 	 0.020026407768573052 	 0.996484375
317 3.7200995069017613e-06 	 1.0 	 0.020082908877411397 	 0.99658203125
318 4.1889426192635725e-06 	 1.0 	 0.02022640842956065 	 0.996484375
319 3.41701637787066e-06 	 1.0 	 0.019727222053816718 	 0.996484375
320 3.614464086895122e-06 	 1.0 	 0.019967253583928368 	 0.996484375
321 3.360589761852163e-06 	 1.0 	 0.01986800199967149 	 0.996484375
322 3.4106482365509073e-06 	 1.0 	 0.02025046942532782 	 0.99638671875
323 3.707296975365578e-06 	 1.0 	 0.0203724698360233 	 0.996484375
324 3.697814886721334e-06 	 1.0 	 0.020276430143935896 	 0.996484375
325 3.3562411090315436e-06 	 1.0 	 0.020352341021003896 	 0.996484375
326 4.1908773914423585e-06 	 1.0 	 0.019598051445014163 	 0.996484375
327 3.192894113275859e-06 	 1.0 	 0.02024991571375523 	 0.99638671875
328 3.70134534293061e-06 	 1.0 	 0.020058924513622855 	 0.9962890625
329 3.819007614849462e-06 	 1.0 	 0.01979627508172399 	 0.9962890625
330 3.342248121039015e-06 	 1.0 	 0.0204177356949387 	 0.9966796875
331 2.960158785713468e-06 	 1.0 	 0.02068234240781521 	 0.996484375
332 3.8332325491416114e-06 	 1.0 	 0.02040412292436571 	 0.996484375
333 3.234962158595918e-06 	 1.0 	 0.020141795701701427 	 0.9966796875
334 3.4840926453391445e-06 	 1.0 	 0.02015711644621092 	 0.99638671875
335 2.992904730008912e-06 	 1.0 	 0.020114436067257203 	 0.99658203125
336 3.256488525512814e-06 	 1.0 	 0.020402601389638165 	 0.99638671875
337 3.3685702199356753e-06 	 1.0 	 0.02004785314074269 	 0.99638671875
338 3.1527492353543633e-06 	 1.0 	 0.020222133454852555 	 0.9966796875
339 3.189203998440962e-06 	 1.0 	 0.02025477686073742 	 0.996484375
340 3.3996696233678176e-06 	 1.0 	 0.01954602700547241 	 0.9966796875
341 3.264847996468564e-06 	 1.0 	 0.01995484357585724 	 0.9966796875
342 3.423534073353158e-06 	 1.0 	 0.020197631286823992 	 0.996484375
343 3.5785035318317066e-06 	 1.0 	 0.01978969071893886 	 0.99658203125
344 2.990876497509086e-06 	 1.0 	 0.019709553581311923 	 0.996484375
345 3.0170851535149733e-06 	 1.0 	 0.02036968475858032 	 0.9962890625
346 3.156069330352949e-06 	 1.0 	 0.02046652607728987 	 0.99658203125
347 4.026337679740774e-06 	 1.0 	 0.019973001763050037 	 0.99638671875
348 3.283894661262937e-06 	 1.0 	 0.019679972202909825 	 0.99658203125
349 3.3859282537138437e-06 	 1.0 	 0.02018542618440051 	 0.99638671875
350 3.2428909618580605e-06 	 1.0 	 0.01975888171582483 	 0.99658203125
351 3.537612525449689e-06 	 1.0 	 0.020225182173558665 	 0.996484375
352 3.4226548224031903e-06 	 1.0 	 0.019263213610936702 	 0.99638671875
353 3.2091954008568013e-06 	 1.0 	 0.019633702489313974 	 0.99658203125
354 3.3480251726513232e-06 	 1.0 	 0.020263376730618177 	 0.996484375
355 3.419014992041667e-06 	 1.0 	 0.02005582897607212 	 0.99658203125
356 3.101241968742241e-06 	 1.0 	 0.019941181412748678 	 0.99658203125
357 3.0562344317485257e-06 	 1.0 	 0.020461034737007822 	 0.9962890625
358 3.1099756070685648e-06 	 1.0 	 0.020316447860014363 	 0.9966796875
359 3.250698975617336e-06 	 1.0 	 0.0210549783055086 	 0.99658203125
360 3.066143019762833e-06 	 1.0 	 0.020042159279410044 	 0.99677734375
361 3.117437761915998e-06 	 1.0 	 0.02068120882641864 	 0.996484375
362 3.835411813006175e-06 	 1.0 	 0.019977878942435724 	 0.99658203125
363 3.5836963146560745e-06 	 1.0 	 0.0198850173261917 	 0.996484375
364 2.890204576508966e-06 	 1.0 	 0.019941860775001884 	 0.9962890625
365 3.3732474296072453e-06 	 1.0 	 0.02002792780749587 	 0.996484375
366 3.101812242418774e-06 	 1.0 	 0.02010527173523542 	 0.996484375
367 3.5225629917383866e-06 	 1.0 	 0.020377369872728934 	 0.996484375
368 3.394831912886674e-06 	 1.0 	 0.019763297533117452 	 0.996484375
369 3.1045157168735903e-06 	 1.0 	 0.019784559161725213 	 0.9966796875
370 3.1017054728872236e-06 	 1.0 	 0.020329326759721766 	 0.9966796875
371 2.960905525931296e-06 	 1.0 	 0.0200892790711066 	 0.99658203125
372 2.955325707171374e-06 	 1.0 	 0.020397639689736024 	 0.99638671875
373 3.34558726890487e-06 	 1.0 	 0.020318581473685527 	 0.99658203125
374 3.398294835625233e-06 	 1.0 	 0.020095979089090575 	 0.996484375
375 3.1354752580185925e-06 	 1.0 	 0.020343836227121416 	 0.99658203125
376 3.0719694008500026e-06 	 1.0 	 0.020209984804679948 	 0.9966796875
377 2.9478304121746063e-06 	 1.0 	 0.020811523601062733 	 0.99658203125
378 3.7147941507019355e-06 	 1.0 	 0.020383334128624142 	 0.996484375
379 3.151007530757391e-06 	 1.0 	 0.020439923189596244 	 0.99619140625
380 3.083854590821157e-06 	 1.0 	 0.02026162750062781 	 0.9966796875
381 3.0684663159826347e-06 	 1.0 	 0.02012557196985938 	 0.996484375
382 3.2224573032509046e-06 	 1.0 	 0.020430912047217475 	 0.9966796875
383 3.1937546056068434e-06 	 1.0 	 0.020031308213893338 	 0.9966796875
384 3.313639399668151e-06 	 1.0 	 0.020360554987121304 	 0.9966796875
385 3.1171213545825862e-06 	 1.0 	 0.020452447779044293 	 0.99658203125
386 2.8991610638618196e-06 	 1.0 	 0.01979140846255518 	 0.99658203125
387 3.436243582597e-06 	 1.0 	 0.020154112860458893 	 0.99658203125
388 2.970201476511782e-06 	 1.0 	 0.020398079180479554 	 0.99638671875
389 3.076953688265311e-06 	 1.0 	 0.02013732027787114 	 0.996484375
390 2.957846490076322e-06 	 1.0 	 0.020007772819438684 	 0.996484375
391 2.7912165263612046e-06 	 1.0 	 0.02047704653985676 	 0.9962890625
392 2.881696028962417e-06 	 1.0 	 0.019615106214478574 	 0.9962890625
393 2.9038809068244327e-06 	 1.0 	 0.020785733808412487 	 0.99658203125
394 2.9952415519094307e-06 	 1.0 	 0.02011749506145293 	 0.996484375
395 2.811604975696399e-06 	 1.0 	 0.020159001966295876 	 0.996484375
396 3.3423906097537895e-06 	 1.0 	 0.02065583139977889 	 0.99638671875
397 3.3236158020265386e-06 	 1.0 	 0.02031259900694806 	 0.99658203125
398 3.0213902558447293e-06 	 1.0 	 0.02019833510330784 	 0.99658203125
399 2.8850213727456435e-06 	 1.0 	 0.019700379470175732 	 0.99638671875
400 2.836961012548263e-06 	 1.0 	 0.020358124691479417 	 0.996484375
401 3.0226306091924675e-06 	 1.0 	 0.020016559044555036 	 0.99677734375
402 3.133886650194163e-06 	 1.0 	 0.019924389338692096 	 0.99658203125
403 3.1448874847926404e-06 	 1.0 	 0.019847050277765278 	 0.9966796875
404 2.8395368714924223e-06 	 1.0 	 0.020337892585150997 	 0.99658203125
405 3.0408642382054864e-06 	 1.0 	 0.02078284928530678 	 0.9962890625
406 2.676764456283562e-06 	 1.0 	 0.02082359618463272 	 0.996484375
407 2.9237301745247945e-06 	 1.0 	 0.02055989368061404 	 0.99638671875
408 3.0051146947810376e-06 	 1.0 	 0.020467511162676998 	 0.99658203125
409 3.055777186921699e-06 	 1.0 	 0.02078119537840024 	 0.99658203125
410 3.0616493052994927e-06 	 1.0 	 0.019541821728724075 	 0.99638671875
411 3.0898332205363534e-06 	 1.0 	 0.021223926007635896 	 0.9962890625
412 2.817911784275617e-06 	 1.0 	 0.020175326998389663 	 0.9962890625
413 2.7863314251873835e-06 	 1.0 	 0.020525952482964273 	 0.9966796875
414 3.096150923134989e-06 	 1.0 	 0.020140134168474332 	 0.996484375
415 2.8527997150739773e-06 	 1.0 	 0.020152046646104795 	 0.9966796875
416 2.931528789057575e-06 	 1.0 	 0.020242913396516828 	 0.996484375
417 3.0270618223541457e-06 	 1.0 	 0.019620630444066478 	 0.99658203125
418 2.9959082294075195e-06 	 1.0 	 0.02045494706459152 	 0.99638671875
419 2.9334539744701974e-06 	 1.0 	 0.020230382553155835 	 0.9966796875
420 2.993059929697193e-06 	 1.0 	 0.02056312394373947 	 0.99638671875
421 2.757660512028e-06 	 1.0 	 0.020601957998137264 	 0.99658203125
422 2.615582720945453e-06 	 1.0 	 0.020502575512851708 	 0.9966796875
423 2.9875130482820807e-06 	 1.0 	 0.019751180097976828 	 0.99658203125
424 3.1355951954516953e-06 	 1.0 	 0.020164216433664707 	 0.996484375
425 3.1386805492280833e-06 	 1.0 	 0.02038576481628951 	 0.99677734375
426 2.81264703826449e-06 	 1.0 	 0.020057817464778794 	 0.99638671875
427 3.2577135948137193e-06 	 1.0 	 0.02044606661562227 	 0.996484375
428 2.7879340790060754e-06 	 1.0 	 0.020954595958127698 	 0.996484375
429 3.5684490617976645e-06 	 1.0 	 0.020539170127202057 	 0.996484375
430 3.001903849780531e-06 	 1.0 	 0.02017369423432882 	 0.99638671875
431 3.088493731975363e-06 	 1.0 	 0.019557784796690215 	 0.9966796875
432 3.0931285137772472e-06 	 1.0 	 0.02039265819589815 	 0.99658203125
433 2.792275213230549e-06 	 1.0 	 0.019831049747008934 	 0.99658203125
434 2.936376371685013e-06 	 1.0 	 0.020077045546690896 	 0.9966796875
435 2.493655273892239e-06 	 1.0 	 0.02091939247815162 	 0.99638671875
436 2.627092109479466e-06 	 1.0 	 0.020562181684437065 	 0.99677734375
437 2.7155576152954777e-06 	 1.0 	 0.020023440569227093 	 0.99638671875
438 2.5097242963561243e-06 	 1.0 	 0.01968446517932563 	 0.996484375
439 2.8424438578894043e-06 	 1.0 	 0.020164583584306683 	 0.99638671875
440 2.7216276867361358e-06 	 1.0 	 0.019895495663024575 	 0.99658203125
441 2.6808522363372013e-06 	 1.0 	 0.020073568583411826 	 0.99658203125
442 3.205508735734145e-06 	 1.0 	 0.020092774300145777 	 0.99658203125
443 2.758697956758861e-06 	 1.0 	 0.02075763742918042 	 0.99658203125
444 3.189113018150312e-06 	 1.0 	 0.020607654664574683 	 0.996484375
445 2.8430433224787675e-06 	 1.0 	 0.02030207320027131 	 0.99658203125
446 2.7658869837761947e-06 	 1.0 	 0.020288493042687605 	 0.99658203125
447 2.9048239695276674e-06 	 1.0 	 0.02048360329172283 	 0.996484375
448 2.825709166425631e-06 	 1.0 	 0.02024438804187696 	 0.9966796875
449 2.529584637328936e-06 	 1.0 	 0.020367731518045672 	 0.99658203125
450 2.8321812381589628e-06 	 1.0 	 0.020041186594276894 	 0.996484375
451 2.7074604213281476e-06 	 1.0 	 0.019975101136483885 	 0.99658203125
452 2.748803730503281e-06 	 1.0 	 0.019672703365738186 	 0.996484375
453 2.8454162886524255e-06 	 1.0 	 0.02084249076446838 	 0.99658203125
454 2.7831556280071636e-06 	 1.0 	 0.019944748503890254 	 0.9966796875
455 2.680006220469439e-06 	 1.0 	 0.020083574661792624 	 0.9966796875
456 6.527785952733832e-06 	 1.0 	 0.020637726860741168 	 0.99658203125
457 3.613946780526877e-06 	 1.0 	 0.020305299286766852 	 0.996484375
458 0.006875174062730986 	 0.9978620524296675 	 0.03161997913979349 	 0.99248046875
459 0.008727255653954841 	 0.9972226662404092 	 0.02381621050818694 	 0.9939453125
460 0.0032693480905045666 	 0.9989010549872123 	 0.02275236166444188 	 0.9955078125
461 0.0008833643897906835 	 0.9998001918158568 	 0.022578838672933442 	 0.99560546875
462 0.0013111300654611831 	 0.9996403452685422 	 0.023140054916771645 	 0.99580078125
463 0.0006479691815641968 	 0.9998201726342711 	 0.019077836587692333 	 0.99619140625
464 0.0004394703684733836 	 0.999940057544757 	 0.021086085663512222 	 0.9958984375
465 0.00017028178124355993 	 0.9999600383631714 	 0.020002014702242832 	 0.9962890625
466 0.00017379693477531782 	 0.9999800191815856 	 0.018885627297967743 	 0.99580078125
467 7.675892362743854e-05 	 1.0 	 0.018253152388624017 	 0.99638671875
468 5.89310483463686e-05 	 1.0 	 0.018308195019656637 	 0.996484375
469 4.260582109124449e-05 	 1.0 	 0.018436588063894987 	 0.99638671875
470 3.5925989364873934e-05 	 1.0 	 0.01932957453076938 	 0.99599609375
471 3.058115112369594e-05 	 1.0 	 0.018895364733214137 	 0.996484375
472 2.9839091065582287e-05 	 1.0 	 0.018784977332302333 	 0.99658203125
473 2.7299064718170815e-05 	 1.0 	 0.01883935868449669 	 0.99658203125
474 2.6840226870667733e-05 	 1.0 	 0.019470681543140245 	 0.99619140625
475 2.315901498636346e-05 	 1.0 	 0.01920469488817389 	 0.9966796875
476 2.3288548279413456e-05 	 1.0 	 0.019727751258264446 	 0.996484375
477 2.337942205392845e-05 	 1.0 	 0.018923211929173078 	 0.996484375
478 2.0679835464496538e-05 	 1.0 	 0.01934908335346961 	 0.996484375
479 2.1348128749414544e-05 	 1.0 	 0.019586800079271428 	 0.99638671875
480 2.192860386776723e-05 	 1.0 	 0.018581090026893322 	 0.996484375
481 1.8632124939449334e-05 	 1.0 	 0.019115995429872613 	 0.99638671875
482 1.695625241552389e-05 	 1.0 	 0.019889250430300365 	 0.99619140625
483 1.747356028495826e-05 	 1.0 	 0.0197994608279501 	 0.9962890625
484 1.7710206421711204e-05 	 1.0 	 0.01976791950789334 	 0.99638671875
485 1.7440875301958504e-05 	 1.0 	 0.020066652867008372 	 0.99619140625
486 1.6137920279292853e-05 	 1.0 	 0.020135239315568754 	 0.9962890625
487 1.631718183766086e-05 	 1.0 	 0.02040909565296829 	 0.99638671875
488 1.4710022836963682e-05 	 1.0 	 0.019684598788830953 	 0.99638671875
489 1.2834866861793418e-05 	 1.0 	 0.019848244584706264 	 0.996484375
490 1.7465397483363613e-05 	 1.0 	 0.019126288608663344 	 0.9962890625
491 1.5201602965632733e-05 	 1.0 	 0.020259836479864644 	 0.9962890625
492 1.4958196054364968e-05 	 1.0 	 0.019708070995960725 	 0.996484375
493 1.4035670871968003e-05 	 1.0 	 0.019363565668896854 	 0.9966796875
494 1.2144764228590705e-05 	 1.0 	 0.019238606264411828 	 0.996484375
495 1.536492371790135e-05 	 1.0 	 0.020093238307225647 	 0.9966796875
496 1.3038041983296804e-05 	 1.0 	 0.019568490755436586 	 0.996484375
497 1.2532458918019268e-05 	 1.0 	 0.01968927418179476 	 0.99619140625
498 1.1319723027328944e-05 	 1.0 	 0.01938165841010857 	 0.99658203125
499 1.5343317627726054e-05 	 1.0 	 0.020216714923600422 	 0.99609375
500 1.4888633410833218e-05 	 1.0 	 0.020172312477546937 	 0.99638671875
501 1.3381789930605019e-05 	 1.0 	 0.020334445110145795 	 0.99599609375
502 1.0928453018277186e-05 	 1.0 	 0.01989542014202499 	 0.9962890625
503 1.0106052538371133e-05 	 1.0 	 0.019939327293667475 	 0.996484375
504 1.1067128918135201e-05 	 1.0 	 0.019913406670983135 	 0.99658203125
505 1.0929959507278364e-05 	 1.0 	 0.02032258071089501 	 0.9962890625
506 9.767969360785841e-06 	 1.0 	 0.0198859771759885 	 0.99638671875
507 1.086141059154227e-05 	 1.0 	 0.019713753843463168 	 0.996484375
508 1.071164872061842e-05 	 1.0 	 0.020392754865935104 	 0.9962890625
509 9.965500313435424e-06 	 1.0 	 0.020152875820241434 	 0.996484375
510 9.219581184400472e-06 	 1.0 	 0.019491227839040448 	 0.9962890625
511 8.92143665986602e-06 	 1.0 	 0.019640762672723612 	 0.996484375
512 9.672466660068003e-06 	 1.0 	 0.019689097185737126 	 0.99599609375
513 1.1516315270085533e-05 	 1.0 	 0.01961288255317726 	 0.99638671875
514 1.108983264484289e-05 	 1.0 	 0.019674059800149735 	 0.9966796875
515 9.251305838980999e-06 	 1.0 	 0.020816422701366834 	 0.9962890625
516 8.816499756359493e-06 	 1.0 	 0.019734309664828233 	 0.99638671875
517 1.0612269360084462e-05 	 1.0 	 0.02037517449190318 	 0.9962890625
518 8.601719594985286e-06 	 1.0 	 0.020346486258661402 	 0.9962890625
519 8.180285959651953e-06 	 1.0 	 0.0199130795880194 	 0.99638671875
520 9.563469602409403e-06 	 1.0 	 0.019910834485442307 	 0.99658203125
521 8.620299806173598e-06 	 1.0 	 0.01974779457446658 	 0.99638671875
522 8.514955227191424e-06 	 1.0 	 0.019709760155387814 	 0.99638671875
523 8.277056363834016e-06 	 1.0 	 0.019418170362762766 	 0.99658203125
524 9.821642757961316e-06 	 1.0 	 0.020696627994946936 	 0.99658203125
525 7.477197808097247e-06 	 1.0 	 0.020444731062589483 	 0.99658203125
526 7.683933160857923e-06 	 1.0 	 0.01991050956158489 	 0.9966796875
527 9.146855745711946e-06 	 1.0 	 0.01969157140192266 	 0.99638671875
528 8.383713937110325e-06 	 1.0 	 0.01974836131929436 	 0.99658203125
529 7.535641867560214e-06 	 1.0 	 0.01955439947255542 	 0.99638671875
530 7.90148371432973e-06 	 1.0 	 0.019604368885762825 	 0.996484375
531 8.443644366493305e-06 	 1.0 	 0.01950392528425482 	 0.9962890625
532 8.49234309296783e-06 	 1.0 	 0.020473161553861984 	 0.99638671875
533 7.374363126578e-06 	 1.0 	 0.02049647788804663 	 0.99638671875
534 7.474380782589244e-06 	 1.0 	 0.020044578421229177 	 0.996484375
535 7.148673443379082e-06 	 1.0 	 0.019633301152315142 	 0.996484375
536 7.174891711592561e-06 	 1.0 	 0.020252675567660104 	 0.99638671875
537 7.26242204881696e-06 	 1.0 	 0.019983240630453737 	 0.996484375
538 6.9818511562802615e-06 	 1.0 	 0.020081267153977934 	 0.996484375
539 8.26988381472069e-06 	 1.0 	 0.019656182096255748 	 0.99638671875
540 7.76561010750304e-06 	 1.0 	 0.021238056455599973 	 0.99638671875
541 6.777493741965907e-06 	 1.0 	 0.020831258003536846 	 0.996484375
542 8.1073156015709e-06 	 1.0 	 0.020757695176556012 	 0.99638671875
543 6.096822698499173e-06 	 1.0 	 0.020228903915948847 	 0.99658203125
544 7.142167184618004e-06 	 1.0 	 0.02034621169976276 	 0.996484375
545 6.7382879674799505e-06 	 1.0 	 0.020404423442164442 	 0.99638671875
546 6.589126379923303e-06 	 1.0 	 0.020403454901747865 	 0.99638671875
547 7.1122237169683055e-06 	 1.0 	 0.02053972913114137 	 0.99638671875
548 7.227086710737726e-06 	 1.0 	 0.020325301243136095 	 0.9962890625
549 6.448627616004964e-06 	 1.0 	 0.020611152860887216 	 0.996484375
550 6.9844804571970634e-06 	 1.0 	 0.020234767204337346 	 0.99638671875
551 6.375727978405955e-06 	 1.0 	 0.02033750231775855 	 0.99638671875
552 6.320957219901649e-06 	 1.0 	 0.020419830855296795 	 0.996484375
553 5.229817129079691e-06 	 1.0 	 0.020635814866500367 	 0.99658203125
554 5.876463900010334e-06 	 1.0 	 0.020501179562538142 	 0.99638671875
555 5.8572755327139975e-06 	 1.0 	 0.020750352228520796 	 0.99658203125
556 5.7720538803339205e-06 	 1.0 	 0.019793852278898072 	 0.996484375
557 7.708255694801071e-06 	 1.0 	 0.020508633264199005 	 0.99658203125
558 6.500793996887496e-06 	 1.0 	 0.020051223634517612 	 0.99658203125
559 5.5939096340263435e-06 	 1.0 	 0.020493709344386702 	 0.99658203125
560 7.088292720639651e-06 	 1.0 	 0.020684376869824918 	 0.99638671875
561 7.688263371114783e-06 	 1.0 	 0.020936471307243208 	 0.9962890625
562 6.10080554400242e-06 	 1.0 	 0.020896404063273623 	 0.99638671875
563 5.788770914283709e-06 	 1.0 	 0.02055824990884929 	 0.99658203125
564 5.571344531262466e-06 	 1.0 	 0.021225988913771233 	 0.99638671875
565 5.817098186006104e-06 	 1.0 	 0.020450695807591047 	 0.99658203125
566 5.319536621068914e-06 	 1.0 	 0.019902821994166688 	 0.996484375
567 5.886578728305533e-06 	 1.0 	 0.020437648906469975 	 0.9966796875
568 5.810704331980162e-06 	 1.0 	 0.020193144740726154 	 0.99638671875
569 6.060983416325755e-06 	 1.0 	 0.0201930663024811 	 0.996484375
570 6.554201521110446e-06 	 1.0 	 0.020791476410223452 	 0.9966796875
571 5.4894138334148615e-06 	 1.0 	 0.02026107667992818 	 0.99658203125
572 5.295728987316451e-06 	 1.0 	 0.021021082392384472 	 0.9962890625
573 5.312493360639922e-06 	 1.0 	 0.020149214644710867 	 0.9962890625
574 5.621990183503945e-06 	 1.0 	 0.0205738898214463 	 0.9962890625
575 5.870210912844483e-06 	 1.0 	 0.020325542505891293 	 0.996484375
576 5.429107893935434e-06 	 1.0 	 0.020306671215534776 	 0.99619140625
577 4.7366432958686184e-06 	 1.0 	 0.020539701444587877 	 0.9962890625
578 5.995895177649725e-06 	 1.0 	 0.020970539558173584 	 0.99619140625
579 5.230711035745912e-06 	 1.0 	 0.020874544707338315 	 0.996484375
580 4.849828548716003e-06 	 1.0 	 0.019999618667741005 	 0.996484375
581 4.815703676121933e-06 	 1.0 	 0.02083059331730581 	 0.996484375
582 5.436347447337776e-06 	 1.0 	 0.020586367419299735 	 0.9962890625
583 4.7606512651646324e-06 	 1.0 	 0.020744729223770263 	 0.996484375
584 4.880259693356279e-06 	 1.0 	 0.020311456908760305 	 0.9962890625
585 4.848161687566186e-06 	 1.0 	 0.02125984124185436 	 0.9962890625
586 6.642371740630333e-06 	 1.0 	 0.020903585937359283 	 0.9962890625
587 7.587442797596122e-06 	 1.0 	 0.02072056420287538 	 0.9962890625
588 4.5193689102594745e-06 	 1.0 	 0.020505676000850313 	 0.996484375
589 5.546970360379637e-06 	 1.0 	 0.020657008614914218 	 0.99638671875
590 8.446772091586718e-06 	 1.0 	 0.02061103868472287 	 0.99658203125
591 4.931217369881974e-06 	 1.0 	 0.021443159987794048 	 0.9962890625
592 5.028001546308536e-06 	 1.0 	 0.02095109840092988 	 0.99658203125
593 4.9528414967212215e-06 	 1.0 	 0.02108998910093547 	 0.996484375
594 5.382441637048823e-06 	 1.0 	 0.02080137871826011 	 0.9962890625
595 5.5888063231794015e-06 	 1.0 	 0.02077894457553242 	 0.9962890625
596 5.65678469105306e-06 	 1.0 	 0.020885003254641533 	 0.99638671875
597 4.7787288043301535e-06 	 1.0 	 0.02087340969783469 	 0.99638671875
598 5.151077637485584e-06 	 1.0 	 0.021129513744708107 	 0.99619140625
599 5.16309555640364e-06 	 1.0 	 0.020218321169299714 	 0.9962890625
600 5.118490623173268e-06 	 1.0 	 0.021296278383137236 	 0.9962890625
601 5.047078723952331e-06 	 1.0 	 0.020853713522844687 	 0.9962890625
602 4.91027812133832e-06 	 1.0 	 0.02062910660444004 	 0.996484375
603 5.276156010906022e-06 	 1.0 	 0.0206906796779478 	 0.99638671875
604 4.839904311025199e-06 	 1.0 	 0.020497199144110568 	 0.99638671875
605 4.3244082568024705e-06 	 1.0 	 0.02152700162754755 	 0.99609375
606 4.744379031694327e-06 	 1.0 	 0.020546601185703395 	 0.99619140625
607 4.89174104529139e-06 	 1.0 	 0.020384210995982244 	 0.996484375
608 4.73174702212809e-06 	 1.0 	 0.021090814598448304 	 0.99638671875
609 5.182346241532598e-06 	 1.0 	 0.021058271862554535 	 0.9962890625
610 4.977476678627018e-06 	 1.0 	 0.02080697370003861 	 0.99619140625
611 4.611506966730094e-06 	 1.0 	 0.021459171003093757 	 0.996484375
612 4.759065937830603e-06 	 1.0 	 0.02059713356366899 	 0.996484375
613 4.325511621581382e-06 	 1.0 	 0.020905849079126425 	 0.996484375
614 3.933541881383055e-06 	 1.0 	 0.020497497310559255 	 0.99638671875
615 5.461417347067119e-06 	 1.0 	 0.020488962062012207 	 0.996484375
616 4.099569833022291e-06 	 1.0 	 0.020860847823488626 	 0.996484375
617 3.806322729418697e-06 	 1.0 	 0.02068125842295032 	 0.99658203125
618 4.299723801247574e-06 	 1.0 	 0.020888609244074985 	 0.996484375
619 4.147941899558729e-06 	 1.0 	 0.020667338936803503 	 0.996484375
620 4.0519010703357935e-06 	 1.0 	 0.020331511594159225 	 0.99658203125
621 5.03528021656045e-06 	 1.0 	 0.021013897952413173 	 0.996484375
622 3.570053980484956e-06 	 1.0 	 0.020933191482618695 	 0.9966796875
623 4.32244246817937e-06 	 1.0 	 0.020573331075824798 	 0.99638671875
624 3.914561043448417e-06 	 1.0 	 0.020676127893840147 	 0.99638671875
625 4.125021202393527e-06 	 1.0 	 0.02112420754391877 	 0.9962890625
626 4.744516933828483e-06 	 1.0 	 0.0207446686874043 	 0.99658203125
627 4.184539457384135e-06 	 1.0 	 0.020845929931655148 	 0.996484375
628 4.65135668687102e-06 	 1.0 	 0.02076504260273282 	 0.99638671875
629 3.7706820142461426e-06 	 1.0 	 0.02145544703983404 	 0.99638671875
630 4.215142836129763e-06 	 1.0 	 0.020503726248784916 	 0.9962890625
631 3.9916370622547596e-06 	 1.0 	 0.020281089211628966 	 0.9962890625
632 4.347950991936405e-06 	 1.0 	 0.020932039760233324 	 0.99619140625
633 4.374563265728261e-06 	 1.0 	 0.020909153749907716 	 0.9962890625
634 4.17974727470163e-06 	 1.0 	 0.021069738707441842 	 0.996484375
635 3.8723499824125775e-06 	 1.0 	 0.020472020710119665 	 0.99658203125
636 4.1818608656634415e-06 	 1.0 	 0.020806605765396568 	 0.996484375
637 4.1633545842115755e-06 	 1.0 	 0.020122357780186208 	 0.99638671875
638 3.7700732370765188e-06 	 1.0 	 0.02016610331239903 	 0.99658203125
639 3.7948373352041448e-06 	 1.0 	 0.02122864807499809 	 0.9962890625
640 3.826999298999371e-06 	 1.0 	 0.020524389995988202 	 0.99638671875
641 3.718726357587132e-06 	 1.0 	 0.021393318081743475 	 0.99619140625
642 4.325225492454739e-06 	 1.0 	 0.020633978926360895 	 0.996484375
643 4.03141254968818e-06 	 1.0 	 0.020182243317811554 	 0.996484375
644 3.7893233322551088e-06 	 1.0 	 0.020705342194152366 	 0.99638671875
645 4.057946351358368e-06 	 1.0 	 0.02122772141720759 	 0.99599609375
646 3.947459511139308e-06 	 1.0 	 0.020550421637783957 	 0.99658203125
647 4.2200566903330956e-06 	 1.0 	 0.020219431170517766 	 0.996484375
648 4.226686799709643e-06 	 1.0 	 0.020865600239049088 	 0.996484375
649 4.1495645849400765e-06 	 1.0 	 0.02121708914216782 	 0.9962890625
650 3.3542136133154695e-06 	 1.0 	 0.020602666709647367 	 0.996484375
651 3.737938023270842e-06 	 1.0 	 0.02096874022624675 	 0.9966796875
652 3.426650413480286e-06 	 1.0 	 0.02056181190634021 	 0.996484375
653 3.882900437880645e-06 	 1.0 	 0.02053475742689841 	 0.996484375
654 3.72079221461506e-06 	 1.0 	 0.02138289962614053 	 0.99658203125
655 3.684453563588468e-06 	 1.0 	 0.021131882696839455 	 0.996484375
656 4.301407000446237e-06 	 1.0 	 0.02138949406478403 	 0.99658203125
657 3.7879565712103302e-06 	 1.0 	 0.02060110946463851 	 0.996484375
658 3.8200372385946345e-06 	 1.0 	 0.02023512165092427 	 0.99658203125
659 4.294253758469081e-06 	 1.0 	 0.020057094416243613 	 0.996484375
660 5.1499358292553515e-06 	 1.0 	 0.020901216521766484 	 0.9962890625
661 4.1466876838311485e-06 	 1.0 	 0.021191259546957043 	 0.9966796875
662 3.447398063066723e-06 	 1.0 	 0.02048801089587684 	 0.9962890625
663 3.504810018899508e-06 	 1.0 	 0.020646102529884303 	 0.996484375
664 4.139424067054041e-06 	 1.0 	 0.020745522635561998 	 0.996484375
665 3.306652547536914e-06 	 1.0 	 0.021551132367998348 	 0.99658203125
666 3.4632097485405853e-06 	 1.0 	 0.020760781144576156 	 0.99638671875
667 3.7292894126679424e-06 	 1.0 	 0.021509101924387153 	 0.99658203125
668 3.4510023015975414e-06 	 1.0 	 0.021020862170511377 	 0.99638671875
669 3.5599500289090034e-06 	 1.0 	 0.021151194605560874 	 0.99658203125
670 3.500000224061449e-06 	 1.0 	 0.02098306680492499 	 0.99638671875
671 3.3905647040372577e-06 	 1.0 	 0.020908719423177048 	 0.99619140625
672 3.525141729125696e-06 	 1.0 	 0.021055936816988207 	 0.9962890625
673 3.5802405998374827e-06 	 1.0 	 0.021773696117068652 	 0.9966796875
674 3.1563426662212392e-06 	 1.0 	 0.021213345166570717 	 0.9966796875
675 4.366738262328827e-06 	 1.0 	 0.020885175195675742 	 0.99677734375
676 3.3673354757685765e-06 	 1.0 	 0.02099464695047786 	 0.99658203125
677 3.839684418927412e-06 	 1.0 	 0.021489915648623282 	 0.996484375
678 3.5635526589600615e-06 	 1.0 	 0.02155969488270415 	 0.99599609375
679 3.7277533700318617e-06 	 1.0 	 0.02059277423511503 	 0.9966796875
680 3.5296492624276926e-06 	 1.0 	 0.02101166641911618 	 0.996484375
681 3.886853724951464e-06 	 1.0 	 0.02100105315306422 	 0.99658203125
682 3.773757241607337e-06 	 1.0 	 0.021041602463225218 	 0.996484375
683 3.508776770300858e-06 	 1.0 	 0.021168261635397555 	 0.996484375
684 3.540255146335092e-06 	 1.0 	 0.021289636589008863 	 0.99658203125
685 3.306668249840821e-06 	 1.0 	 0.020826985871486414 	 0.9962890625
686 3.186588159383238e-06 	 1.0 	 0.021858606256176926 	 0.9962890625
687 3.1336320169737152e-06 	 1.0 	 0.02157885407241693 	 0.99658203125
688 3.7247900452647072e-06 	 1.0 	 0.021223244525868525 	 0.99638671875
689 3.7449808959724726e-06 	 1.0 	 0.021422686227060693 	 0.996484375
690 3.656446364218895e-06 	 1.0 	 0.02143869731022221 	 0.99658203125
691 3.3284108447616763e-06 	 1.0 	 0.02064226517494916 	 0.996484375
692 3.1103091968154674e-06 	 1.0 	 0.021166145733359797 	 0.99658203125
693 3.2943043779503295e-06 	 1.0 	 0.021102917681457 	 0.9966796875
694 3.0195368389555985e-06 	 1.0 	 0.02130958795788942 	 0.99638671875
695 3.64118569398756e-06 	 1.0 	 0.021526520573156915 	 0.9962890625
696 3.3097085263499136e-06 	 1.0 	 0.021424983240206075 	 0.9962890625
697 3.930323840965226e-06 	 1.0 	 0.02132080194830053 	 0.99609375
698 3.4525428092769045e-06 	 1.0 	 0.021249315894839072 	 0.99677734375
699 4.056306044517174e-06 	 1.0 	 0.021755923824857602 	 0.996484375
700 3.2056127084531844e-06 	 1.0 	 0.021812023136910597 	 0.996484375
701 3.282291787630308e-06 	 1.0 	 0.020696608457663503 	 0.99658203125
702 3.15665255473393e-06 	 1.0 	 0.02242877244220267 	 0.99638671875
703 3.2518129871249866e-06 	 1.0 	 0.021223356110017022 	 0.996484375
704 3.299457359187266e-06 	 1.0 	 0.021526321343962707 	 0.99658203125
705 3.0242135413977862e-06 	 1.0 	 0.021113074786033793 	 0.99638671875
706 3.1883853646731973e-06 	 1.0 	 0.020990171421131264 	 0.99658203125
707 3.174026961161285e-06 	 1.0 	 0.020624923019251184 	 0.996484375
708 3.159879768312995e-06 	 1.0 	 0.021357272020490824 	 0.99677734375
709 3.3265023163607147e-06 	 1.0 	 0.02096797511627031 	 0.99658203125
710 3.177068750635749e-06 	 1.0 	 0.0204139468615395 	 0.996484375
711 3.5206741641615172e-06 	 1.0 	 0.02116171861802272 	 0.996484375
712 3.2048753001511024e-06 	 1.0 	 0.021173860931406097 	 0.996484375
713 3.2790800943399064e-06 	 1.0 	 0.021530049744831102 	 0.9962890625
714 3.1748505690916494e-06 	 1.0 	 0.020919699129686366 	 0.99658203125
715 3.17335216188714e-06 	 1.0 	 0.021019905641516345 	 0.996484375
716 3.130768770933338e-06 	 1.0 	 0.020868339426824888 	 0.99658203125
717 2.9574871690146422e-06 	 1.0 	 0.021365239650158685 	 0.996484375
718 3.6428318565731737e-06 	 1.0 	 0.021221118802730386 	 0.996484375
719 3.12340349617099e-06 	 1.0 	 0.021081271590355756 	 0.9962890625
720 3.0962186770011613e-06 	 1.0 	 0.020767046028102244 	 0.99658203125
721 3.0006273380578345e-06 	 1.0 	 0.02117910310885591 	 0.996484375
722 3.175530157750938e-06 	 1.0 	 0.020648049091786903 	 0.996484375
723 2.9288437757751053e-06 	 1.0 	 0.021548427737130282 	 0.9966796875
724 3.0464516405462307e-06 	 1.0 	 0.020603582745825123 	 0.99658203125
725 2.8393856867522193e-06 	 1.0 	 0.020775841355600733 	 0.996484375
726 3.124426688177815e-06 	 1.0 	 0.021145093736664934 	 0.99677734375
727 2.9940714532475356e-06 	 1.0 	 0.021286147856817195 	 0.99658203125
728 3.0460387946455425e-06 	 1.0 	 0.0214181815717275 	 0.9966796875
729 3.2316196539153785e-06 	 1.0 	 0.0212055619551073 	 0.99638671875
730 3.198036604067114e-06 	 1.0 	 0.02043452811303297 	 0.99638671875
731 2.990835405023605e-06 	 1.0 	 0.021069037951529167 	 0.99638671875
732 3.3984354948832734e-06 	 1.0 	 0.021260008859102442 	 0.99677734375
733 2.9883769576148983e-06 	 1.0 	 0.02110452710864692 	 0.99638671875
734 3.3992852051371226e-06 	 1.0 	 0.021164606968875434 	 0.996484375
735 2.95868424940115e-06 	 1.0 	 0.021114693146020613 	 0.99658203125
736 3.0490776262996007e-06 	 1.0 	 0.020618863485433535 	 0.99658203125
737 2.7581667643139005e-06 	 1.0 	 0.021224318947301413 	 0.996484375
738 3.22436035200444e-06 	 1.0 	 0.02090070180975232 	 0.9966796875
739 3.1594852472186e-06 	 1.0 	 0.02131726511940073 	 0.9966796875
740 2.884599953374519e-06 	 1.0 	 0.020997128342374792 	 0.9966796875
741 3.267623051471064e-06 	 1.0 	 0.020519804935005225 	 0.99677734375
742 2.7643598889629887e-06 	 1.0 	 0.021573676759850002 	 0.9966796875
743 2.9038433443734146e-06 	 1.0 	 0.020857680555633352 	 0.996484375
744 2.9892425823541637e-06 	 1.0 	 0.021391886670823368 	 0.996484375
745 3.3593154814153815e-06 	 1.0 	 0.021538543505097606 	 0.99658203125
746 3.3290090371342665e-06 	 1.0 	 0.021031766927271177 	 0.99638671875
747 2.9642136121397843e-06 	 1.0 	 0.021405456633519292 	 0.99677734375
748 2.909417901191843e-06 	 1.0 	 0.021384926886210565 	 0.9962890625
749 2.7605889637211323e-06 	 1.0 	 0.020929130043937504 	 0.996484375
750 3.3721012626788986e-06 	 1.0 	 0.02104325462945198 	 0.9962890625
751 2.7090643334071723e-06 	 1.0 	 0.022042707196893475 	 0.99677734375
752 3.07812702031462e-06 	 1.0 	 0.022033806055281956 	 0.99658203125
753 3.187714694760866e-06 	 1.0 	 0.021925325053646815 	 0.9962890625
754 2.9614579763611147e-06 	 1.0 	 0.021402435543106436 	 0.99658203125
755 3.027353779603088e-06 	 1.0 	 0.021398684687173385 	 0.9962890625
756 2.916020597429851e-06 	 1.0 	 0.02090833213240941 	 0.99658203125
757 2.9257349452305893e-06 	 1.0 	 0.021094557612138944 	 0.996484375
758 2.932169124137789e-06 	 1.0 	 0.020851332219295672 	 0.9966796875
759 2.940158651072683e-06 	 1.0 	 0.020661875155722244 	 0.99677734375
760 2.619807417459643e-06 	 1.0 	 0.021370130611674653 	 0.9966796875
761 2.827335694625624e-06 	 1.0 	 0.021609460704145534 	 0.9966796875
762 3.1431770384062376e-06 	 1.0 	 0.02118011071922723 	 0.9966796875
763 3.194237697906738e-06 	 1.0 	 0.021135292791749548 	 0.99677734375
764 3.091444172476542e-06 	 1.0 	 0.021237205410014327 	 0.99658203125
765 2.7615256183828925e-06 	 1.0 	 0.021023141827092216 	 0.99658203125
766 2.8939007532365386e-06 	 1.0 	 0.021796311912500956 	 0.996484375
767 2.968555856337411e-06 	 1.0 	 0.021177580512974713 	 0.99638671875
768 2.6150117769236398e-06 	 1.0 	 0.022052136810418687 	 0.99619140625
769 2.7209218361265748e-06 	 1.0 	 0.021439389393228935 	 0.9962890625
770 2.551115114272161e-06 	 1.0 	 0.021946675407782834 	 0.99619140625
771 2.9966085073267183e-06 	 1.0 	 0.021382945190697455 	 0.99677734375
772 3.0497357136812907e-06 	 1.0 	 0.02152472194856898 	 0.9966796875
773 2.675653628152747e-06 	 1.0 	 0.02111893674982781 	 0.9966796875
774 2.558806854018569e-06 	 1.0 	 0.020978374507173214 	 0.996484375
775 2.3799082285227193e-06 	 1.0 	 0.02093913569768091 	 0.99677734375
776 2.507058019231492e-06 	 1.0 	 0.021547313801563918 	 0.99658203125
777 2.5231125739549303e-06 	 1.0 	 0.021579769756527867 	 0.9962890625
778 2.7547480840730435e-06 	 1.0 	 0.0211163748539235 	 0.9962890625
779 2.4545047434316064e-06 	 1.0 	 0.02134902097305371 	 0.99619140625
780 2.8651281573773844e-06 	 1.0 	 0.021496439417680334 	 0.9966796875
781 2.821692250779826e-06 	 1.0 	 0.022315076015429723 	 0.99677734375
782 2.5493133690684318e-06 	 1.0 	 0.02230980602674961 	 0.99619140625
783 2.6350920562782516e-06 	 1.0 	 0.02190043648511164 	 0.99658203125
784 2.5374937189777053e-06 	 1.0 	 0.021015865050286207 	 0.9966796875
785 2.8532473933424033e-06 	 1.0 	 0.021075566980181294 	 0.99677734375
786 2.6498628007875433e-06 	 1.0 	 0.02076126712487465 	 0.99677734375
787 3.139810871889355e-06 	 1.0 	 0.0208990018043508 	 0.996484375
788 2.9353389579926937e-06 	 1.0 	 0.021199804068358218 	 0.99658203125
789 2.9408018241805215e-06 	 1.0 	 0.021211065987601786 	 0.996484375
790 2.7081613171105945e-06 	 1.0 	 0.021476706473324468 	 0.99638671875
791 2.5307596755530883e-06 	 1.0 	 0.021545472745584958 	 0.996484375
792 2.602184810277085e-06 	 1.0 	 0.021481905889303477 	 0.9966796875
793 2.330549857723807e-06 	 1.0 	 0.021004709806101828 	 0.99677734375
794 2.54184652892764e-06 	 1.0 	 0.021341508206077008 	 0.99658203125
795 2.6634617679368382e-06 	 1.0 	 0.021650328731250567 	 0.9962890625
796 2.4238059878985217e-06 	 1.0 	 0.02185496766015973 	 0.99638671875
797 2.751918120508618e-06 	 1.0 	 0.021325531588306034 	 0.996875
798 2.6096103663947877e-06 	 1.0 	 0.02147289813740727 	 0.9966796875
799 2.620463634169486e-06 	 1.0 	 0.021796730223690018 	 0.9966796875
800 2.8562946828174356e-06 	 1.0 	 0.021131730030093367 	 0.996484375
801 2.7634220936529824e-06 	 1.0 	 0.02092931200023358 	 0.9966796875
802 2.42654845911937e-06 	 1.0 	 0.021118832928709707 	 0.99677734375
803 3.047348432561133e-06 	 1.0 	 0.021013157502264335 	 0.99677734375
804 2.7275907698489636e-06 	 1.0 	 0.020676743531495845 	 0.99658203125
805 2.778582815853789e-06 	 1.0 	 0.021410319633619678 	 0.99677734375
806 2.6333930815043694e-06 	 1.0 	 0.02149297605742646 	 0.99677734375
807 2.7512569422115097e-06 	 1.0 	 0.02170530958053831 	 0.9966796875
808 2.579572608670052e-06 	 1.0 	 0.021288752105888875 	 0.99677734375
809 2.958768680922884e-06 	 1.0 	 0.021226453656733212 	 0.99638671875
810 2.5799438172025638e-06 	 1.0 	 0.020945681501239478 	 0.99658203125
811 2.552958688890503e-06 	 1.0 	 0.02135188209442518 	 0.99658203125
812 2.335440416447357e-06 	 1.0 	 0.02124164147625791 	 0.99658203125
813 2.660573740055773e-06 	 1.0 	 0.02158519982056504 	 0.99638671875
814 2.390663389935508e-06 	 1.0 	 0.02100014753200128 	 0.99677734375
815 2.3790259296896914e-06 	 1.0 	 0.02052626869391432 	 0.99658203125
816 2.845333638466781e-06 	 1.0 	 0.021513666159271593 	 0.99638671875
817 2.6792663202158415e-06 	 1.0 	 0.020866812352387853 	 0.99658203125
818 2.844745132009234e-06 	 1.0 	 0.02150357020173672 	 0.996484375
819 2.9380468388301282e-06 	 1.0 	 0.021052861022211287 	 0.9966796875
820 2.271506874919682e-06 	 1.0 	 0.02118054290911644 	 0.9962890625
821 2.477044862785997e-06 	 1.0 	 0.02154862531063557 	 0.99658203125
822 2.956802985633479e-06 	 1.0 	 0.02146590872168872 	 0.9966796875
823 2.6760555765449076e-06 	 1.0 	 0.020969661524793536 	 0.99638671875
824 2.8420047019177997e-06 	 1.0 	 0.021541919320040393 	 0.99658203125
825 2.451258747027857e-06 	 1.0 	 0.021152057614754936 	 0.9966796875
826 2.6477790277607234e-06 	 1.0 	 0.021272664478952662 	 0.9962890625
827 2.7967520680230827e-06 	 1.0 	 0.020883599547625663 	 0.99677734375
828 2.6459956043103155e-06 	 1.0 	 0.0208516828370378 	 0.996875
829 2.415265978900739e-06 	 1.0 	 0.021344740229150717 	 0.99677734375
830 2.5688723412085404e-06 	 1.0 	 0.02102887988516642 	 0.9966796875
831 2.469483598166739e-06 	 1.0 	 0.021508786407360248 	 0.9962890625
832 2.4324743752136585e-06 	 1.0 	 0.02140572296909795 	 0.996484375
833 2.5851649792128326e-06 	 1.0 	 0.020974436948436904 	 0.99658203125
834 2.5798889913616234e-06 	 1.0 	 0.022504061843129364 	 0.9962890625
835 2.5582377832127457e-06 	 1.0 	 0.02123474624015529 	 0.99658203125
836 3.281146583187523e-06 	 1.0 	 0.021260310167841114 	 0.996875
837 2.393112432229846e-06 	 1.0 	 0.021368918044940698 	 0.99677734375
838 2.62210427233076e-06 	 1.0 	 0.021389419605350214 	 0.99677734375
839 2.5878155095474038e-06 	 1.0 	 0.02090411102397525 	 0.99658203125
840 2.7730143933997606e-06 	 1.0 	 0.021176214780258818 	 0.99677734375
841 2.6473281691684334e-06 	 1.0 	 0.02082120448412681 	 0.9966796875
842 2.5706742474928534e-06 	 1.0 	 0.02150608439075654 	 0.9966796875
843 2.3892254615118343e-06 	 1.0 	 0.021401460399410866 	 0.9966796875
844 2.656029978015097e-06 	 1.0 	 0.021650855584000796 	 0.996484375
845 2.489822512169576e-06 	 1.0 	 0.02140507524512003 	 0.996484375
846 2.504094875534614e-06 	 1.0 	 0.020989287738352402 	 0.9966796875
847 2.633364706025648e-06 	 1.0 	 0.021470865050133625 	 0.99658203125
848 2.6057702973852092e-06 	 1.0 	 0.021770645338425255 	 0.99658203125
849 2.6864912585355237e-06 	 1.0 	 0.021390329785160846 	 0.9966796875
850 2.4531449579175237e-06 	 1.0 	 0.0216415674169383 	 0.99658203125
851 2.532796596082465e-06 	 1.0 	 0.021414592319786863 	 0.9962890625
852 2.8177249417023765e-06 	 1.0 	 0.021796785774593985 	 0.9966796875
853 2.3507681854644406e-06 	 1.0 	 0.02129882124988285 	 0.996484375
854 2.549360561099902e-06 	 1.0 	 0.020649291324362905 	 0.99658203125
855 2.715823787584575e-06 	 1.0 	 0.021113878695334164 	 0.99677734375
856 2.8247372085116483e-06 	 1.0 	 0.021310762547436468 	 0.99658203125
857 2.645027926080641e-06 	 1.0 	 0.02075300078292628 	 0.99677734375
858 2.6124047842138383e-06 	 1.0 	 0.020949320200511323 	 0.9966796875
859 2.1896344020331624e-06 	 1.0 	 0.020959789753174363 	 0.9966796875
860 2.387972831802867e-06 	 1.0 	 0.020812705276330234 	 0.996875
861 2.1686533661622866e-06 	 1.0 	 0.021922398338018213 	 0.99638671875
862 2.5394101234632196e-06 	 1.0 	 0.020556839190509636 	 0.996875
863 2.5110303064694792e-06 	 1.0 	 0.02134865377908639 	 0.996875
864 2.458798996300789e-06 	 1.0 	 0.02117095891876062 	 0.99638671875
865 2.1470393876905506e-06 	 1.0 	 0.021129613191735785 	 0.99677734375
866 2.1726221682881036e-06 	 1.0 	 0.02112514030337138 	 0.99677734375
867 2.7812848676239577e-06 	 1.0 	 0.021293070927795553 	 0.99677734375
868 2.4206020663101287e-06 	 1.0 	 0.021531451228535302 	 0.99658203125
869 2.525197023360283e-06 	 1.0 	 0.02103626882095284 	 0.9966796875
870 2.3773759817103687e-06 	 1.0 	 0.02182984864493278 	 0.996484375
871 2.5205606060380353e-06 	 1.0 	 0.020887566732667295 	 0.99677734375
872 2.476109775025435e-06 	 1.0 	 0.021007306437007146 	 0.99677734375
873 2.6805122946653447e-06 	 1.0 	 0.021198964422619326 	 0.99658203125
874 2.552832853916349e-06 	 1.0 	 0.021105842092261184 	 0.9966796875
875 2.3227037313244626e-06 	 1.0 	 0.02114762267011656 	 0.996875
876 2.51832704260664e-06 	 1.0 	 0.02143550876010849 	 0.996875
877 2.4235220161322722e-06 	 1.0 	 0.021356671156027573 	 0.9966796875
878 2.7219936170446403e-06 	 1.0 	 0.0220094555803513 	 0.9966796875
879 2.1526908069151603e-06 	 1.0 	 0.021199002123088916 	 0.9966796875
880 2.259285678629425e-06 	 1.0 	 0.0208655953283305 	 0.99677734375
881 2.3091218674294735e-06 	 1.0 	 0.021209254507465403 	 0.99677734375
882 2.6452796470571848e-06 	 1.0 	 0.021462993371581262 	 0.99677734375
883 2.1671081483296558e-06 	 1.0 	 0.020714853934600798 	 0.9966796875
884 2.589059141422918e-06 	 1.0 	 0.02069906299023643 	 0.9966796875
885 2.299749518276381e-06 	 1.0 	 0.021564768283020185 	 0.9966796875
886 2.325623119836017e-06 	 1.0 	 0.02101913153470747 	 0.99677734375
887 2.465236274773492e-06 	 1.0 	 0.021088306411439817 	 0.99658203125
888 2.34647911763095e-06 	 1.0 	 0.021550818831718034 	 0.99677734375
889 2.3950557509111546e-06 	 1.0 	 0.02141119660146131 	 0.99658203125
890 2.2971796004144603e-06 	 1.0 	 0.02219609274766867 	 0.996484375
891 2.12919663459683e-06 	 1.0 	 0.021429935213763684 	 0.9966796875
892 2.353866758461375e-06 	 1.0 	 0.021629361607541853 	 0.9966796875
893 2.858688265997348e-06 	 1.0 	 0.0218215668722749 	 0.99658203125
894 2.436686178448338e-06 	 1.0 	 0.021627690706453963 	 0.99658203125
895 2.2126327493438428e-06 	 1.0 	 0.02133337117640366 	 0.99677734375
896 2.4439925108013355e-06 	 1.0 	 0.02151186874419153 	 0.99658203125
897 2.3306203130334807e-06 	 1.0 	 0.021286690963628275 	 0.9966796875
898 2.435478598893373e-06 	 1.0 	 0.02166397034776608 	 0.99658203125
899 2.929149068257505e-06 	 1.0 	 0.021400627545229867 	 0.996484375
900 2.447770626953747e-06 	 1.0 	 0.021167067963033047 	 0.99658203125
901 2.4116704903311764e-06 	 1.0 	 0.020822353123666204 	 0.9966796875
902 2.6148099116960654e-06 	 1.0 	 0.020964906324575594 	 0.99658203125
903 2.592047097199439e-06 	 1.0 	 0.02114916346672544 	 0.9966796875
904 2.3351935341396365e-06 	 1.0 	 0.021273350260995017 	 0.99658203125
905 2.438942956673844e-06 	 1.0 	 0.02221124045132683 	 0.99619140625
906 2.4708505967617645e-06 	 1.0 	 0.021126068938504973 	 0.99658203125
907 2.3840874263141883e-06 	 1.0 	 0.020838907198522348 	 0.996484375
908 2.28083871114302e-06 	 1.0 	 0.02169059028852658 	 0.99638671875
909 2.1749598713343046e-06 	 1.0 	 0.020981948029046293 	 0.99677734375
910 2.370164859321751e-06 	 1.0 	 0.021497449580314056 	 0.99658203125
911 2.411539102656353e-06 	 1.0 	 0.021397178934311967 	 0.9962890625
912 2.3855266299349175e-06 	 1.0 	 0.021675562604434616 	 0.99677734375
913 2.3883311961941693e-06 	 1.0 	 0.022340621258943826 	 0.996484375
914 2.30127600889202e-06 	 1.0 	 0.021696817844977546 	 0.99658203125
915 2.4327579505297716e-06 	 1.0 	 0.020826833760368403 	 0.996484375
916 2.060836327577899e-06 	 1.0 	 0.021061688794955558 	 0.99677734375
917 2.468213459594416e-06 	 1.0 	 0.021530257276659626 	 0.99619140625
918 2.630938018459779e-06 	 1.0 	 0.02103970503327588 	 0.99658203125
919 2.483155527115183e-06 	 1.0 	 0.02099818889094678 	 0.99677734375
920 2.223688340291817e-06 	 1.0 	 0.021802495240368813 	 0.9966796875
921 2.555869753330305e-06 	 1.0 	 0.02097456914640077 	 0.99677734375
922 2.1020360110971913e-06 	 1.0 	 0.0214770539418744 	 0.9966796875
923 2.1734855036623083e-06 	 1.0 	 0.021227067297918723 	 0.99638671875
924 2.186822997336166e-06 	 1.0 	 0.021143690915349112 	 0.99658203125
925 2.150698469798619e-06 	 1.0 	 0.020986023038759783 	 0.996484375
926 2.3654287054962754e-06 	 1.0 	 0.02173985469199735 	 0.9962890625
927 2.3124878573828464e-06 	 1.0 	 0.02140078338334348 	 0.9966796875
928 2.164094027062218e-06 	 1.0 	 0.02151028210629846 	 0.99638671875
929 2.1527137434527397e-06 	 1.0 	 0.021140059321137984 	 0.99658203125
930 2.3307943757232897e-06 	 1.0 	 0.02187311725075176 	 0.99677734375
931 2.3232555071203036e-06 	 1.0 	 0.02159956786406809 	 0.996484375
932 2.4071607361379053e-06 	 1.0 	 0.020966027774439056 	 0.99658203125
933 2.5336519285284267e-06 	 1.0 	 0.021286419198243322 	 0.99677734375
934 2.292227870467098e-06 	 1.0 	 0.021207006714378453 	 0.9966796875
935 2.1716069768107588e-06 	 1.0 	 0.021763938740422616 	 0.99658203125
936 2.2826957040065644e-06 	 1.0 	 0.020961546069369775 	 0.99677734375
937 2.7069997129053295e-06 	 1.0 	 0.02080439268484824 	 0.99658203125
938 2.258099288367463e-06 	 1.0 	 0.02191977783974579 	 0.99658203125
939 2.0523093432827743e-06 	 1.0 	 0.021703687745642953 	 0.9966796875
940 2.4204705483751944e-06 	 1.0 	 0.02173664689738075 	 0.9966796875
941 2.1236932640566434e-06 	 1.0 	 0.02167549431652276 	 0.99658203125
942 2.1933563728794944e-06 	 1.0 	 0.021751800555076528 	 0.99658203125
943 2.207376054018153e-06 	 1.0 	 0.02132243555105475 	 0.9966796875
944 2.1762687281980595e-06 	 1.0 	 0.021818509071366777 	 0.9966796875
945 2.1360225751484677e-06 	 1.0 	 0.022684024664334147 	 0.996484375
946 2.443277378431986e-06 	 1.0 	 0.021234548841027136 	 0.99677734375
947 2.25102876025221e-06 	 1.0 	 0.0215193038444923 	 0.9966796875
948 2.5725567881294445e-06 	 1.0 	 0.0209358588170268 	 0.9966796875
949 2.5630949691796205e-06 	 1.0 	 0.02130385342201748 	 0.99658203125
950 1.911294570509013e-06 	 1.0 	 0.021451521646957163 	 0.99638671875
951 2.5842342462251355e-06 	 1.0 	 0.021555440369872513 	 0.99638671875
952 2.272496946403417e-06 	 1.0 	 0.021871450482903045 	 0.996484375
953 2.8713617243017472e-06 	 1.0 	 0.020558041679190352 	 0.996875
954 2.0326434185782135e-06 	 1.0 	 0.02121428172268196 	 0.99677734375
955 2.2547474145540036e-06 	 1.0 	 0.022229744969040864 	 0.99658203125
956 2.333553641484889e-06 	 1.0 	 0.02107721116838377 	 0.99638671875
957 1.9313098570465857e-06 	 1.0 	 0.021320173981475676 	 0.99658203125
958 2.297400449526689e-06 	 1.0 	 0.02096014276295861 	 0.996484375
959 2.2726311298730947e-06 	 1.0 	 0.02120553485921022 	 0.996484375
960 2.1467738979586185e-06 	 1.0 	 0.021922285802510544 	 0.99658203125
961 2.1616063372036185e-06 	 1.0 	 0.021518895558591565 	 0.996484375
962 2.3530910695331108e-06 	 1.0 	 0.021221244529961325 	 0.99658203125
963 2.3615450074181667e-06 	 1.0 	 0.021868400133503486 	 0.9962890625
964 2.1107050179474418e-06 	 1.0 	 0.021070146814165726 	 0.99658203125
965 2.5497919772803177e-06 	 1.0 	 0.02105786535119023 	 0.9966796875
966 2.2243114667175236e-06 	 1.0 	 0.021143353890300885 	 0.99677734375
967 2.2532525508315692e-06 	 1.0 	 0.021871723298085045 	 0.99677734375
968 1.992998602243628e-06 	 1.0 	 0.021037493899264348 	 0.9966796875
969 2.515921952777726e-06 	 1.0 	 0.021649804390941794 	 0.9966796875
970 1.9639671000217986e-06 	 1.0 	 0.021492731753815518 	 0.99638671875
971 2.0750424225653936e-06 	 1.0 	 0.021351749214632322 	 0.99658203125
972 2.5046532965587274e-06 	 1.0 	 0.021208041724934644 	 0.9966796875
973 2.309716402487771e-06 	 1.0 	 0.021331670609963282 	 0.996484375
974 2.2724193693111816e-06 	 1.0 	 0.021621050869458713 	 0.99638671875
975 2.316588765285961e-06 	 1.0 	 0.020861305835121868 	 0.99677734375
976 2.2153531954117475e-06 	 1.0 	 0.02149146900256227 	 0.99677734375
977 1.944263448441906e-06 	 1.0 	 0.020980525598265843 	 0.9966796875
978 2.42327821398188e-06 	 1.0 	 0.021206611411435004 	 0.996484375
979 2.0952051319282638e-06 	 1.0 	 0.02127126450973691 	 0.996484375
980 2.461963965754683e-06 	 1.0 	 0.02154102970652403 	 0.996484375
981 2.223330611790832e-06 	 1.0 	 0.02144771035891253 	 0.9962890625
982 2.247707129318278e-06 	 1.0 	 0.021683086774780237 	 0.9966796875
983 2.47250728148581e-06 	 1.0 	 0.021088113883911318 	 0.99638671875
984 2.0934891297882207e-06 	 1.0 	 0.021181612315021425 	 0.99677734375
985 2.2053554059714274e-06 	 1.0 	 0.021114148794071495 	 0.99658203125
986 2.306661574790348e-06 	 1.0 	 0.022119292647199983 	 0.996875
987 2.317050138747704e-06 	 1.0 	 0.021678245343701264 	 0.99677734375
988 2.5897437607974653e-06 	 1.0 	 0.021676500866674074 	 0.99658203125
989 2.0351143886211707e-06 	 1.0 	 0.021650239350769596 	 0.99677734375
990 2.3647436514367603e-06 	 1.0 	 0.021363099879989987 	 0.9966796875
991 2.546812136592392e-06 	 1.0 	 0.021882673063667823 	 0.9966796875
992 2.317263258172625e-06 	 1.0 	 0.021263243391770457 	 0.99677734375
993 2.4707253342197374e-06 	 1.0 	 0.02154284999748555 	 0.99677734375
994 2.1535986070724566e-06 	 1.0 	 0.021170856973260755 	 0.9966796875
995 2.145899653590898e-06 	 1.0 	 0.02102206976691079 	 0.99658203125
996 2.1330324627384505e-06 	 1.0 	 0.022014443932325635 	 0.996875
997 2.134706771393796e-06 	 1.0 	 0.0210633610981553 	 0.9966796875
998 2.8149759174966048e-06 	 1.0 	 0.021435290147514507 	 0.99677734375
999 2.0146614595135027e-06 	 1.0 	 0.021329500498956832 	 0.9966796875
