True
----------------------------------------------------------------
        Layer (type)               Output Shape         Param #
================================================================
            Conv2d-1           [-1, 64, 28, 28]             576
       BatchNorm2d-2           [-1, 64, 28, 28]             128
              ReLU-3           [-1, 64, 28, 28]               0
            Conv2d-4          [-1, 128, 28, 28]          73,728
       BatchNorm2d-5          [-1, 128, 28, 28]             256
              ReLU-6          [-1, 128, 28, 28]               0
            Conv2d-7          [-1, 128, 28, 28]         147,456
       BatchNorm2d-8          [-1, 128, 28, 28]             256
              ReLU-9          [-1, 128, 28, 28]               0
           Conv2d-10          [-1, 128, 28, 28]         147,456
      BatchNorm2d-11          [-1, 128, 28, 28]             256
             ReLU-12          [-1, 128, 28, 28]               0
        MaxPool2d-13          [-1, 128, 14, 14]               0
           Conv2d-14          [-1, 128, 14, 14]         147,456
      BatchNorm2d-15          [-1, 128, 14, 14]             256
             ReLU-16          [-1, 128, 14, 14]               0
           Conv2d-17          [-1, 128, 14, 14]         147,456
      BatchNorm2d-18          [-1, 128, 14, 14]             256
             ReLU-19          [-1, 128, 14, 14]               0
           Conv2d-20          [-1, 256, 14, 14]         294,912
      BatchNorm2d-21          [-1, 256, 14, 14]             512
             ReLU-22          [-1, 256, 14, 14]               0
        MaxPool2d-23            [-1, 256, 7, 7]               0
           Conv2d-24            [-1, 256, 7, 7]         589,824
      BatchNorm2d-25            [-1, 256, 7, 7]             512
             ReLU-26            [-1, 256, 7, 7]               0
           Conv2d-27            [-1, 256, 7, 7]         589,824
      BatchNorm2d-28            [-1, 256, 7, 7]             512
             ReLU-29            [-1, 256, 7, 7]               0
           Conv2d-30            [-1, 512, 7, 7]         131,072
      BatchNorm2d-31            [-1, 512, 7, 7]           1,024
             ReLU-32            [-1, 512, 7, 7]               0
           Conv2d-33            [-1, 512, 7, 7]       2,359,296
      BatchNorm2d-34            [-1, 512, 7, 7]           1,024
             ReLU-35            [-1, 512, 7, 7]               0
           Conv2d-36           [-1, 2048, 7, 7]       1,048,576
      BatchNorm2d-37           [-1, 2048, 7, 7]           4,096
             ReLU-38           [-1, 2048, 7, 7]               0
           Conv2d-39            [-1, 512, 7, 7]       1,048,576
      BatchNorm2d-40            [-1, 512, 7, 7]           1,024
             ReLU-41            [-1, 512, 7, 7]               0
           Conv2d-42            [-1, 256, 7, 7]       1,179,648
      BatchNorm2d-43            [-1, 256, 7, 7]             512
             ReLU-44            [-1, 256, 7, 7]               0
        AvgPool2d-45            [-1, 256, 1, 1]               0
           Linear-46                   [-1, 10]           2,570
================================================================
Total params: 7,919,050
Trainable params: 7,919,050
Non-trainable params: 0
----------------------------------------------------------------
Input size (MB): 0.00
Forward/backward pass size (MB): 15.51
Params size (MB): 30.21
Estimated Total Size (MB): 45.72
----------------------------------------------------------------
None
0 0.14503073507843686 	 0.9575407608695652 	 0.05171758963842876 	 0.98544921875
1 0.02863181022214977 	 0.9913682864450127 	 0.028749332667212003 	 0.99189453125
2 0.019774318949910132 	 0.9941416241018973 	 0.02221123027629801 	 0.99306640625
3 0.01589790703576949 	 0.9952125959384167 	 0.031184812489664183 	 0.99072265625
4 0.012675282995641121 	 0.9960437979539642 	 0.03061664041415497 	 0.99169921875
5 0.00938249627233047 	 0.9970108695957057 	 0.019550825805163187 	 0.9943359375
6 0.00758805388783175 	 0.9976822250639387 	 0.02314483686177482 	 0.99404296875
7 0.004466628634540276 	 0.9986692775240944 	 0.020441594156000064 	 0.9951171875
8 0.004083547746236233 	 0.9987811700767263 	 0.022339339538666535 	 0.99384765625
9 0.003917543996141686 	 0.9988011508951407 	 0.019627092886503307 	 0.99453125
10 0.003504711023378594 	 0.9988610933503836 	 0.015980279452787727 	 0.99580078125
11 0.00240256935396009 	 0.9994005754475703 	 0.020999014167500718 	 0.994921875
12 0.002841936789977494 	 0.9990609015345269 	 0.021716280343025574 	 0.99501953125
13 0.0016411972363297666 	 0.9996403452685422 	 0.020574786069028052 	 0.99501953125
14 0.00047203146440112165 	 0.999940057544757 	 0.017728269777830975 	 0.99580078125
15 0.000478178732312227 	 0.9999200767263428 	 0.017647968851997577 	 0.99560546875
16 0.0002811434389393078 	 1.0 	 0.01650923910539177 	 0.99638671875
17 0.0005206911299820973 	 0.999880115089514 	 0.01727407504145049 	 0.99599609375
18 0.0002997084199898633 	 0.9999600383631714 	 0.01861164621000171 	 0.99609375
19 0.00023681958189119954 	 0.9999800191815856 	 0.018585787943322885 	 0.99599609375
20 0.0003232255623580942 	 0.9999480499026111 	 0.017982307133934228 	 0.99599609375
21 0.0005087794036316924 	 0.999880115089514 	 0.0172612003893164 	 0.9962890625
22 0.000111108082838164 	 1.0 	 0.017132914935257305 	 0.99619140625
23 8.53825225410319e-05 	 1.0 	 0.01757490621954503 	 0.99619140625
24 7.199533294270854e-05 	 1.0 	 0.01786461135869786 	 0.99638671875
25 6.068682978366269e-05 	 1.0 	 0.017579731499210993 	 0.99599609375
26 6.206424316417996e-05 	 1.0 	 0.017732299376507398 	 0.99609375
27 6.0737951556235165e-05 	 1.0 	 0.017764932661179955 	 0.99638671875
28 4.766891635737404e-05 	 1.0 	 0.018136066206056966 	 0.9962890625
29 4.970488611587641e-05 	 1.0 	 0.018237354684424646 	 0.996484375
30 4.3505350763122674e-05 	 1.0 	 0.017819641374148886 	 0.99638671875
31 4.2987835746093404e-05 	 1.0 	 0.017995042606207788 	 0.99619140625
32 0.00020100649966656758 	 0.9999600383631714 	 0.01816151560325352 	 0.99638671875
33 0.0006481797874394289 	 0.9997802109974424 	 0.020268798940048783 	 0.99580078125
34 0.00027293747177940336 	 0.999940057544757 	 0.01964656415960917 	 0.99619140625
35 7.780723636756484e-05 	 1.0 	 0.0207775537645432 	 0.99619140625
36 8.23776580153003e-05 	 1.0 	 0.019661611811102375 	 0.99638671875
37 7.986505653041981e-05 	 1.0 	 0.020079786216047068 	 0.996484375
38 5.72809197660543e-05 	 1.0 	 0.019891180375333307 	 0.99599609375
39 4.484285286440247e-05 	 1.0 	 0.019297872433219253 	 0.99619140625
40 3.8416672642688123e-05 	 1.0 	 0.019505583650743574 	 0.99638671875
41 3.432925002046657e-05 	 1.0 	 0.019880225835356667 	 0.99609375
42 2.6830978881394805e-05 	 1.0 	 0.01901377339549981 	 0.9962890625
43 3.081929485861599e-05 	 1.0 	 0.020055064149340752 	 0.99619140625
44 2.5666031410822996e-05 	 1.0 	 0.019662264434322195 	 0.99619140625
45 2.9527847451725653e-05 	 1.0 	 0.01976045784929852 	 0.99638671875
46 3.37714805580087e-05 	 1.0 	 0.019883739288911784 	 0.9962890625
47 2.5095347705699824e-05 	 1.0 	 0.019943507218033573 	 0.9962890625
48 2.4655077262897157e-05 	 1.0 	 0.02022288138660997 	 0.99619140625
49 2.7342868382934435e-05 	 1.0 	 0.019168080030732428 	 0.99609375
50 2.7999835376477348e-05 	 1.0 	 0.019333869624506405 	 0.99609375
51 2.589427525578948e-05 	 1.0 	 0.020003697823040057 	 0.99619140625
52 2.031425607149702e-05 	 1.0 	 0.02062007233793679 	 0.99619140625
53 2.3052835251659502e-05 	 1.0 	 0.019473333057209174 	 0.99609375
54 2.286502239469643e-05 	 1.0 	 0.019697532938459973 	 0.99609375
55 2.2206704499131843e-05 	 1.0 	 0.020093676709677766 	 0.99609375
56 2.2218404670462067e-05 	 1.0 	 0.01992917288339413 	 0.99599609375
57 2.1566989514033655e-05 	 1.0 	 0.02011581462866161 	 0.99609375
58 1.962544388857575e-05 	 1.0 	 0.019424105285912673 	 0.9962890625
59 2.0675615217760773e-05 	 1.0 	 0.019597692030617963 	 0.99619140625
60 1.75469209321339e-05 	 1.0 	 0.020023316290507864 	 0.99619140625
61 1.789744842740464e-05 	 1.0 	 0.020835017165506998 	 0.99619140625
62 1.898188238462988e-05 	 1.0 	 0.020061144371817365 	 0.99609375
63 1.8066254898441953e-05 	 1.0 	 0.020614403598870013 	 0.99599609375
64 1.6064991745610816e-05 	 1.0 	 0.02054801980146408 	 0.9962890625
65 1.6210858796772705e-05 	 1.0 	 0.020062135324513973 	 0.996484375
66 1.6871939464218413e-05 	 1.0 	 0.020461316498995075 	 0.99638671875
67 1.4993178084863794e-05 	 1.0 	 0.020619253229679658 	 0.9962890625
68 1.5686235430546876e-05 	 1.0 	 0.020414471031116932 	 0.99638671875
69 1.727141151223407e-05 	 1.0 	 0.020616790088351423 	 0.9962890625
70 1.5663700182789785e-05 	 1.0 	 0.02071887645823267 	 0.99638671875
71 2.0395527927806323e-05 	 1.0 	 0.020661894287954397 	 0.996484375
72 1.4344110995447027e-05 	 1.0 	 0.02070574146796389 	 0.9962890625
73 1.490977009270771e-05 	 1.0 	 0.020532851967055878 	 0.99619140625
74 1.3619374541445267e-05 	 1.0 	 0.020597683334005978 	 0.99619140625
75 1.540249076058857e-05 	 1.0 	 0.02087675536229483 	 0.99638671875
76 1.3291749842896458e-05 	 1.0 	 0.020308967684627532 	 0.996484375
77 1.1920071900247496e-05 	 1.0 	 0.020982717220323365 	 0.99638671875
78 1.1921060969048213e-05 	 1.0 	 0.020259508964448968 	 0.99638671875
79 1.3496827841896224e-05 	 1.0 	 0.02017368859708881 	 0.99638671875
80 1.3364423457251014e-05 	 1.0 	 0.020675606573627194 	 0.99638671875
81 2.405442119767575e-05 	 1.0 	 0.020695199017154664 	 0.996484375
82 1.3721787819003625e-05 	 1.0 	 0.02109712311536214 	 0.99638671875
83 1.2355018380589163e-05 	 1.0 	 0.020921267342660598 	 0.9962890625
84 1.3978523283536733e-05 	 1.0 	 0.021002317342322385 	 0.99638671875
85 1.2415247063756415e-05 	 1.0 	 0.021604319305242824 	 0.9962890625
86 1.2834181739550876e-05 	 1.0 	 0.02112748418550723 	 0.996484375
87 1.202545697529539e-05 	 1.0 	 0.020822530800606386 	 0.9962890625
88 1.1802560252921294e-05 	 1.0 	 0.021649196929797655 	 0.99638671875
89 1.1816117712162935e-05 	 1.0 	 0.02129962226663622 	 0.9962890625
90 1.1209713337164505e-05 	 1.0 	 0.021292275272904247 	 0.99638671875
91 1.057902270769908e-05 	 1.0 	 0.020524085153260783 	 0.99638671875
92 1.0198637778674199e-05 	 1.0 	 0.02101075133885786 	 0.99619140625
93 9.664946394382462e-06 	 1.0 	 0.021155214441330374 	 0.99609375
94 1.3188798968486153e-05 	 1.0 	 0.02117855336090315 	 0.99609375
95 1.2688069446108397e-05 	 1.0 	 0.020860816044876173 	 0.99609375
96 1.0978150659385018e-05 	 1.0 	 0.021616192738116526 	 0.99619140625
97 1.156483577179803e-05 	 1.0 	 0.02209972255408559 	 0.99609375
98 1.0925138312790682e-05 	 1.0 	 0.02156896942131823 	 0.99599609375
99 1.1020301435285632e-05 	 1.0 	 0.021260363408782724 	 0.99609375
100 9.39566344063178e-06 	 1.0 	 0.02192342530707094 	 0.99599609375
101 1.0905403277973774e-05 	 1.0 	 0.02101203011640962 	 0.9962890625
102 8.866262585093012e-06 	 1.0 	 0.020435993223713922 	 0.99638671875
103 1.0694420839079337e-05 	 1.0 	 0.020931684540491345 	 0.9962890625
104 9.708211902291965e-06 	 1.0 	 0.020889209652833075 	 0.99619140625
105 8.388503870915986e-06 	 1.0 	 0.02094624821423281 	 0.9962890625
106 1.4426564185643535e-05 	 1.0 	 0.021598446966143568 	 0.99599609375
107 9.365051996808134e-06 	 1.0 	 0.02105985959132397 	 0.9962890625
108 1.0632424426478948e-05 	 1.0 	 0.02140100464381476 	 0.99638671875
109 9.45650233891816e-06 	 1.0 	 0.021409155207703635 	 0.99609375
110 9.359855629068509e-06 	 1.0 	 0.02131606647488695 	 0.99619140625
111 1.0381166958732348e-05 	 1.0 	 0.02118061701606564 	 0.99619140625
112 8.519005286184914e-06 	 1.0 	 0.021075376496892773 	 0.99638671875
113 8.454270985164425e-06 	 1.0 	 0.021553463387755302 	 0.99638671875
114 8.199525012087807e-06 	 1.0 	 0.021779089688703835 	 0.99619140625
115 8.458329435758488e-06 	 1.0 	 0.021242862533540574 	 0.99619140625
116 8.993522176279674e-06 	 1.0 	 0.021443022676251644 	 0.9962890625
117 8.07594313747403e-06 	 1.0 	 0.02120235346451125 	 0.99638671875
118 7.759339306104008e-06 	 1.0 	 0.020897844747324257 	 0.99619140625
119 8.650438916659128e-06 	 1.0 	 0.021480980138173324 	 0.99609375
120 7.94327914966178e-06 	 1.0 	 0.021586307588921726 	 0.99609375
121 8.38849188640428e-06 	 1.0 	 0.020770060359930655 	 0.99599609375
122 8.406979976944454e-06 	 1.0 	 0.020994917105909394 	 0.99609375
123 7.538349396942495e-06 	 1.0 	 0.020962495466682184 	 0.9962890625
124 8.349216949033185e-06 	 1.0 	 0.020739868332373134 	 0.99619140625
125 7.326780323788844e-06 	 1.0 	 0.021424986870178485 	 0.99619140625
126 6.9585647542902956e-06 	 1.0 	 0.02152079269645526 	 0.99609375
127 7.594108924620188e-06 	 1.0 	 0.02121399232292731 	 0.99619140625
128 6.490997627813212e-06 	 1.0 	 0.021068943437984444 	 0.99619140625
129 7.356262028941022e-06 	 1.0 	 0.021258458850573446 	 0.9962890625
130 7.190015804388544e-06 	 1.0 	 0.021204847660635552 	 0.9962890625
131 9.26226614305879e-06 	 1.0 	 0.021300967053511498 	 0.9962890625
132 7.542241558584071e-06 	 1.0 	 0.021128025812708985 	 0.9962890625
133 6.840404018651584e-06 	 1.0 	 0.02118551631582477 	 0.99619140625
134 8.2715789069873e-06 	 1.0 	 0.021097533640408984 	 0.99609375
135 6.904554179981206e-06 	 1.0 	 0.021210080245104734 	 0.99599609375
136 6.408784043530671e-06 	 1.0 	 0.02199639842143313 	 0.99619140625
137 6.902469998437745e-06 	 1.0 	 0.0216330916310028 	 0.99619140625
138 8.21084318692051e-06 	 1.0 	 0.02165562660510716 	 0.99599609375
139 5.933586011104967e-06 	 1.0 	 0.02127888987287463 	 0.99619140625
140 7.048132027745067e-06 	 1.0 	 0.02152475320144731 	 0.996484375
141 7.099797210899209e-06 	 1.0 	 0.02149639197601232 	 0.9962890625
142 7.132928555609843e-06 	 1.0 	 0.021292786768731274 	 0.99599609375
143 6.688928597050991e-06 	 1.0 	 0.020655734443998597 	 0.9962890625
144 6.377998553008972e-06 	 1.0 	 0.021635987684189218 	 0.9962890625
145 7.544507286231628e-06 	 1.0 	 0.020649885714706783 	 0.99619140625
146 5.833157693521343e-06 	 1.0 	 0.021836556814321284 	 0.9962890625
147 6.693210954744224e-06 	 1.0 	 0.02087875543292341 	 0.9962890625
148 6.0272913310596835e-06 	 1.0 	 0.021388440994654444 	 0.99609375
149 6.65367139788341e-06 	 1.0 	 0.021159739730734373 	 0.9962890625
150 6.616414962756324e-06 	 1.0 	 0.02068491104374459 	 0.9962890625
151 5.799647727300322e-06 	 1.0 	 0.021192011819566405 	 0.99619140625
152 5.745076543858942e-06 	 1.0 	 0.0210019592104743 	 0.99638671875
153 6.175692612738398e-06 	 1.0 	 0.021361480115848507 	 0.99638671875
154 5.700260208063892e-06 	 1.0 	 0.021076894290057168 	 0.9962890625
155 6.237514396686243e-06 	 1.0 	 0.021647839037197514 	 0.996484375
156 6.290892185404428e-06 	 1.0 	 0.021413848050349314 	 0.99638671875
157 5.778155450152228e-06 	 1.0 	 0.0208722900250919 	 0.9962890625
158 5.662431616885368e-06 	 1.0 	 0.022072259769392134 	 0.99619140625
159 6.337378196607358e-06 	 1.0 	 0.021011172795780908 	 0.99638671875
160 5.612367246608196e-06 	 1.0 	 0.021244438858323632 	 0.99619140625
161 6.158628106599481e-06 	 1.0 	 0.02209692294950827 	 0.99609375
162 5.330505832263297e-06 	 1.0 	 0.021160196496663276 	 0.99619140625
163 5.780197304574058e-06 	 1.0 	 0.02113982135040402 	 0.99619140625
164 5.727378868763146e-06 	 1.0 	 0.02207646093698088 	 0.99619140625
165 6.105639949278634e-06 	 1.0 	 0.02138703220389999 	 0.99638671875
166 6.822056663548354e-06 	 1.0 	 0.020895440428931523 	 0.99638671875
167 6.872401473376618e-06 	 1.0 	 0.021664300428606963 	 0.9962890625
168 5.311909976486774e-06 	 1.0 	 0.02132943057453076 	 0.9962890625
169 6.554963774493337e-06 	 1.0 	 0.021254554024307027 	 0.9962890625
170 6.242759377033982e-06 	 1.0 	 0.021472241687955317 	 0.9962890625
171 5.803874711362327e-06 	 1.0 	 0.021010600527156954 	 0.99638671875
172 6.169378043942159e-06 	 1.0 	 0.02179855725674997 	 0.99619140625
173 5.059953928854561e-06 	 1.0 	 0.021216784952025593 	 0.99609375
174 5.172989491609286e-06 	 1.0 	 0.02089933926978489 	 0.99638671875
175 5.376575366710331e-06 	 1.0 	 0.02097950225134042 	 0.99609375
176 5.674542430016348e-06 	 1.0 	 0.020730968583960417 	 0.99638671875
177 4.970156989088246e-06 	 1.0 	 0.021114469164128024 	 0.9962890625
178 4.845463470473406e-06 	 1.0 	 0.021062335187093596 	 0.9962890625
179 4.914973804539501e-06 	 1.0 	 0.021672623662675507 	 0.9962890625
180 5.111622624234167e-06 	 1.0 	 0.021378132144323558 	 0.99638671875
181 5.274874548572219e-06 	 1.0 	 0.021282826501899877 	 0.9962890625
182 5.249667708394694e-06 	 1.0 	 0.021301866562313875 	 0.9962890625
183 5.007816262185191e-06 	 1.0 	 0.021222070562595265 	 0.99619140625
184 5.327082685089222e-06 	 1.0 	 0.021768609161016174 	 0.99609375
185 4.729430228737254e-06 	 1.0 	 0.02131398311857282 	 0.99638671875
186 5.317661783805925e-06 	 1.0 	 0.022192922191302956 	 0.99619140625
187 5.141488149961554e-06 	 1.0 	 0.021706044366310094 	 0.99638671875
188 5.015583536077175e-06 	 1.0 	 0.021240525472455828 	 0.99638671875
189 4.761141281458159e-06 	 1.0 	 0.02180389752370644 	 0.99638671875
190 4.7718271724049145e-06 	 1.0 	 0.02198336010510644 	 0.99619140625
191 5.7016941370951025e-06 	 1.0 	 0.021344847657782395 	 0.9962890625
192 5.09114036275933e-06 	 1.0 	 0.021978662584793085 	 0.99619140625
193 5.1510089398151276e-06 	 1.0 	 0.021382441198353773 	 0.9962890625
194 4.811722704416194e-06 	 1.0 	 0.021185813200969506 	 0.9962890625
195 4.647729315976317e-06 	 1.0 	 0.021964131111685957 	 0.99609375
196 4.58568386524176e-06 	 1.0 	 0.02219138729660841 	 0.99619140625
197 4.519858282666806e-06 	 1.0 	 0.02135929534854881 	 0.9962890625
198 4.662209074953832e-06 	 1.0 	 0.021395786873310386 	 0.9962890625
199 4.736752829211514e-06 	 1.0 	 0.021797150174887748 	 0.99599609375
200 5.0917492819648114e-06 	 1.0 	 0.021540561959692183 	 0.99609375
201 4.6599943205881365e-06 	 1.0 	 0.021457354995213507 	 0.9962890625
202 4.098409127190189e-06 	 1.0 	 0.02159529968391638 	 0.99619140625
203 3.948888890952456e-06 	 1.0 	 0.021537722163877504 	 0.9962890625
204 4.395827643508321e-06 	 1.0 	 0.021815362357662592 	 0.99599609375
205 4.164054377725987e-06 	 1.0 	 0.021654974646490643 	 0.9962890625
206 4.954329023135856e-06 	 1.0 	 0.021962521270984324 	 0.99619140625
207 4.547148928290799e-06 	 1.0 	 0.021623552056658467 	 0.99609375
208 4.532608044320181e-06 	 1.0 	 0.022292183414529633 	 0.9958984375
209 4.259537596270632e-06 	 1.0 	 0.02150939336997908 	 0.99619140625
210 5.029210065306398e-06 	 1.0 	 0.022502055132345333 	 0.99609375
211 4.821638659977256e-06 	 1.0 	 0.021331645224097428 	 0.9962890625
212 4.572326957723117e-06 	 1.0 	 0.021777219538932968 	 0.996484375
213 4.44435360131675e-06 	 1.0 	 0.022118755897096776 	 0.99609375
214 3.9837167126702726e-06 	 1.0 	 0.021768055397579644 	 0.9962890625
215 4.280710816251567e-06 	 1.0 	 0.02177428012668372 	 0.99619140625
216 4.7131992067456235e-06 	 1.0 	 0.02216342416257362 	 0.99619140625
217 4.261061219128521e-06 	 1.0 	 0.02207575826283801 	 0.99619140625
218 3.676429438419663e-06 	 1.0 	 0.022041387998031327 	 0.99619140625
219 3.723886012474051e-06 	 1.0 	 0.022177204525354453 	 0.99638671875
220 4.240688285284463e-06 	 1.0 	 0.02235866835542879 	 0.99599609375
221 3.906702638943289e-06 	 1.0 	 0.022107432001547522 	 0.9962890625
222 3.863609411805986e-06 	 1.0 	 0.022114848382305752 	 0.996484375
223 4.025810936638101e-06 	 1.0 	 0.021980029545005664 	 0.99609375
224 3.949360995172339e-06 	 1.0 	 0.021708482731855838 	 0.99619140625
225 5.562413385897853e-06 	 1.0 	 0.022811999876759616 	 0.99619140625
226 3.6266426804967386e-06 	 1.0 	 0.021982034450392974 	 0.99609375
227 3.909526805932787e-06 	 1.0 	 0.022034122152369662 	 0.9962890625
228 4.4653032328705704e-06 	 1.0 	 0.022084349523201752 	 0.99609375
229 4.7048371060185085e-06 	 1.0 	 0.022465056039189336 	 0.9962890625
230 3.995696830133268e-06 	 1.0 	 0.02254170836366427 	 0.99609375
231 4.353344186483228e-06 	 1.0 	 0.021847673286377756 	 0.99619140625
232 4.066985403849806e-06 	 1.0 	 0.02190694470608747 	 0.996484375
233 4.0780677530739665e-06 	 1.0 	 0.02242524857719843 	 0.99609375
234 4.119393600997559e-06 	 1.0 	 0.022367789728872368 	 0.99619140625
235 4.3446856593932595e-06 	 1.0 	 0.022179356862457665 	 0.99619140625
236 3.740905500951304e-06 	 1.0 	 0.022172060434382957 	 0.9962890625
237 3.6806961808913614e-06 	 1.0 	 0.023286321556112453 	 0.99619140625
238 3.978491144132005e-06 	 1.0 	 0.02168952375962476 	 0.9962890625
239 3.849475822271113e-06 	 1.0 	 0.02188588647582037 	 0.9962890625
240 3.4980085918905295e-06 	 1.0 	 0.021839561870437764 	 0.99638671875
241 3.814168128556653e-06 	 1.0 	 0.022264760823686912 	 0.99619140625
242 3.615879467526234e-06 	 1.0 	 0.021370124954547976 	 0.99619140625
243 3.7308242777293612e-06 	 1.0 	 0.022553685523151047 	 0.9962890625
244 3.6146217632700624e-06 	 1.0 	 0.022618776219469793 	 0.9962890625
245 3.847827464308342e-06 	 1.0 	 0.021550208678827686 	 0.9962890625
246 3.7179119139498495e-06 	 1.0 	 0.022294325110918577 	 0.99619140625
247 3.614159057549776e-06 	 1.0 	 0.022062475632861834 	 0.99658203125
248 4.223126110652031e-06 	 1.0 	 0.022065504428420014 	 0.99609375
249 3.4062369841520246e-06 	 1.0 	 0.021718288617189784 	 0.99619140625
250 3.9368785969030254e-06 	 1.0 	 0.02254160960585807 	 0.99609375
251 3.906275458033717e-06 	 1.0 	 0.022078601192123414 	 0.99609375
252 3.880621372964317e-06 	 1.0 	 0.022904350763973014 	 0.9962890625
253 3.5350596088582932e-06 	 1.0 	 0.021702766997150034 	 0.99609375
254 3.4173561253153873e-06 	 1.0 	 0.022957215005919806 	 0.99609375
255 3.2088959388227737e-06 	 1.0 	 0.021877116355081227 	 0.99638671875
256 3.4465046185622113e-06 	 1.0 	 0.022186298346578325 	 0.9962890625
257 3.399876730837951e-06 	 1.0 	 0.02184035965512976 	 0.99638671875
258 3.3059461745784934e-06 	 1.0 	 0.021961708836246884 	 0.99619140625
259 4.0059973834688156e-06 	 1.0 	 0.021664840984784918 	 0.99609375
260 4.155460097946531e-06 	 1.0 	 0.022444682788218984 	 0.99609375
261 3.730319523434734e-06 	 1.0 	 0.022047850905467216 	 0.99638671875
262 3.65712019337505e-06 	 1.0 	 0.021890976614064073 	 0.99619140625
263 3.6322825545467563e-06 	 1.0 	 0.022629974520559416 	 0.99609375
264 4.0363502712945935e-06 	 1.0 	 0.022330850600322805 	 0.99619140625
265 3.5067663178700097e-06 	 1.0 	 0.022833773601946918 	 0.99619140625
266 3.736713422819108e-06 	 1.0 	 0.02205170720613623 	 0.9962890625
267 3.539766435114126e-06 	 1.0 	 0.02277233916546493 	 0.99619140625
268 4.511057674361048e-06 	 1.0 	 0.022216119231894992 	 0.99609375
269 3.2203915613636104e-06 	 1.0 	 0.02231249353172444 	 0.9962890625
270 3.117506657520763e-06 	 1.0 	 0.02232282513630679 	 0.99619140625
271 3.5874373517445977e-06 	 1.0 	 0.02236596363615746 	 0.9962890625
272 3.630402314106004e-06 	 1.0 	 0.02235860727295602 	 0.9962890625
273 3.1361454172124314e-06 	 1.0 	 0.022195325716218406 	 0.99619140625
274 3.464225286312108e-06 	 1.0 	 0.022109177110355916 	 0.9962890625
275 3.56679805618184e-06 	 1.0 	 0.023068099027101142 	 0.99609375
276 3.1149187854978088e-06 	 1.0 	 0.02228111313650345 	 0.9962890625
277 3.12791658442704e-06 	 1.0 	 0.023241831177351457 	 0.99619140625
278 3.2993624011657127e-06 	 1.0 	 0.022123261659524475 	 0.9962890625
279 3.1324246950313802e-06 	 1.0 	 0.02287879577209253 	 0.99609375
280 3.2241857763427553e-06 	 1.0 	 0.02271943485853285 	 0.99619140625
281 3.372636492823843e-06 	 1.0 	 0.02255801775215218 	 0.99638671875
282 3.157912808657314e-06 	 1.0 	 0.02213813835872571 	 0.9962890625
283 3.2478013494851192e-06 	 1.0 	 0.02250360771505342 	 0.9962890625
284 3.183498964678138e-06 	 1.0 	 0.02233664442907184 	 0.99619140625
285 3.3549192601028487e-06 	 1.0 	 0.022283623819738807 	 0.9962890625
286 3.1036318123230148e-06 	 1.0 	 0.02280155641774968 	 0.9962890625
287 3.095648470926136e-06 	 1.0 	 0.022340242413527278 	 0.9962890625
288 3.3174381369701357e-06 	 1.0 	 0.02321462033791164 	 0.99619140625
289 3.6128958512577217e-06 	 1.0 	 0.022136999186546547 	 0.99609375
290 3.0209638387595127e-06 	 1.0 	 0.022353495109553024 	 0.99609375
291 3.441434742258269e-06 	 1.0 	 0.02153330653333114 	 0.99638671875
292 2.865768103494511e-06 	 1.0 	 0.0226215343332413 	 0.9962890625
293 3.4986434193377467e-06 	 1.0 	 0.022418596213212537 	 0.9962890625
294 3.2211367045866653e-06 	 1.0 	 0.021950902350828017 	 0.99619140625
295 2.9357124703555343e-06 	 1.0 	 0.021678246972018655 	 0.9962890625
296 2.981519966745502e-06 	 1.0 	 0.022845053594184605 	 0.99638671875
297 3.214976655829134e-06 	 1.0 	 0.022286001608154037 	 0.99619140625
298 2.8582901092502193e-06 	 1.0 	 0.022657371608994482 	 0.9962890625
299 3.3416696763027446e-06 	 1.0 	 0.022549500431594538 	 0.99638671875
300 3.5744732223644705e-06 	 1.0 	 0.02213718273139591 	 0.9962890625
301 2.973573075791174e-06 	 1.0 	 0.02199560567736327 	 0.9962890625
302 3.090534295426453e-06 	 1.0 	 0.021717933327025207 	 0.99619140625
303 3.2990763236488222e-06 	 1.0 	 0.022301791017836338 	 0.99619140625
304 2.948007542446409e-06 	 1.0 	 0.022472804989540407 	 0.99609375
305 3.0339142645869967e-06 	 1.0 	 0.022214325478029196 	 0.9962890625
306 3.493454204273845e-06 	 1.0 	 0.022358529798478344 	 0.99599609375
307 3.073573952599214e-06 	 1.0 	 0.02192493772520976 	 0.99619140625
308 2.8372930234001516e-06 	 1.0 	 0.02241949534648171 	 0.9962890625
309 2.9917474145741786e-06 	 1.0 	 0.02189206956379337 	 0.99619140625
310 3.2395493405038973e-06 	 1.0 	 0.022517009346930194 	 0.99638671875
311 2.6841795843234265e-06 	 1.0 	 0.021921438124175553 	 0.99609375
312 3.86083182952473e-06 	 1.0 	 0.02182358417146446 	 0.99609375
313 3.0957907646141934e-06 	 1.0 	 0.022703427018356592 	 0.9958984375
314 2.8549909638863854e-06 	 1.0 	 0.02252303316588211 	 0.99609375
315 2.8799214758475634e-06 	 1.0 	 0.022900229843928345 	 0.99619140625
316 4.308416942781279e-06 	 1.0 	 0.022637159404116147 	 0.9962890625
317 3.154857241559307e-06 	 1.0 	 0.02203655347894795 	 0.99609375
318 2.9269909185973877e-06 	 1.0 	 0.022460237358893666 	 0.99609375
319 3.260027477196377e-06 	 1.0 	 0.023182548616635757 	 0.99619140625
320 2.638338481406406e-06 	 1.0 	 0.023052723440321186 	 0.99619140625
321 2.7011316171080425e-06 	 1.0 	 0.02251793556748325 	 0.99609375
322 2.8935809421308363e-06 	 1.0 	 0.022444896384020297 	 0.99609375
323 2.86227370105958e-06 	 1.0 	 0.022628099553418934 	 0.99609375
324 2.825292105243792e-06 	 1.0 	 0.022076326688187466 	 0.9962890625
325 2.7292469819439692e-06 	 1.0 	 0.0224517992354194 	 0.99609375
326 2.7098746972570805e-06 	 1.0 	 0.022689931463166602 	 0.99609375
327 2.9856636666214805e-06 	 1.0 	 0.022786631785735523 	 0.99609375
328 2.8988184134774817e-06 	 1.0 	 0.02266141955052845 	 0.9962890625
329 2.5519494763667792e-06 	 1.0 	 0.022109068766485506 	 0.9962890625
330 2.856080230116314e-06 	 1.0 	 0.02300194178004915 	 0.99609375
331 2.5336779079334705e-06 	 1.0 	 0.023293770088574205 	 0.99599609375
332 2.7928207872058607e-06 	 1.0 	 0.022556270446601447 	 0.99609375
333 2.933560386367962e-06 	 1.0 	 0.02222947018572228 	 0.99619140625
334 3.1399167899326595e-06 	 1.0 	 0.022051061488518542 	 0.99619140625
335 2.8398734937121485e-06 	 1.0 	 0.022463565598188497 	 0.99619140625
336 2.5781766799731777e-06 	 1.0 	 0.021864219151906637 	 0.996484375
337 2.9483555430176503e-06 	 1.0 	 0.02238548688264146 	 0.99609375
338 2.9996719949954324e-06 	 1.0 	 0.02196390687602019 	 0.9962890625
339 2.7560076779004085e-06 	 1.0 	 0.02288691318123952 	 0.99609375
340 2.7922776483386456e-06 	 1.0 	 0.021609468588440706 	 0.9962890625
341 4.135346241068094e-06 	 1.0 	 0.022098131879284465 	 0.99638671875
342 2.6628640334372607e-06 	 1.0 	 0.022314731478259374 	 0.9962890625
343 2.726545910686431e-06 	 1.0 	 0.02222926810787129 	 0.99609375
344 2.5266903576894526e-06 	 1.0 	 0.022001775647051146 	 0.99619140625
345 2.4512250192542278e-06 	 1.0 	 0.022648460669300617 	 0.99609375
346 2.749399359034149e-06 	 1.0 	 0.02248988960842411 	 0.9962890625
347 2.5920036204160265e-06 	 1.0 	 0.02221631603710179 	 0.99609375
348 2.597670143126021e-06 	 1.0 	 0.022249184071767302 	 0.9962890625
349 2.4478518680477356e-06 	 1.0 	 0.02240439827296683 	 0.99609375
350 2.520784694352862e-06 	 1.0 	 0.022017490696807585 	 0.9962890625
351 2.7417225793561623e-06 	 1.0 	 0.022064086940129356 	 0.9962890625
352 2.9279359794703677e-06 	 1.0 	 0.02163372996026567 	 0.99619140625
353 2.682279313919195e-06 	 1.0 	 0.022814675126195994 	 0.9962890625
354 2.8571292605826722e-06 	 1.0 	 0.02218348978183684 	 0.9962890625
355 2.788064730696735e-06 	 1.0 	 0.02215672738441867 	 0.996484375
356 2.4813893980205494e-06 	 1.0 	 0.022830724627515054 	 0.99619140625
357 2.5314956725828207e-06 	 1.0 	 0.02239140196503726 	 0.99638671875
358 2.2330401569041946e-06 	 1.0 	 0.022142063950756352 	 0.9962890625
359 2.6004100788541667e-06 	 1.0 	 0.02269664666469424 	 0.9962890625
360 2.507019178893896e-06 	 1.0 	 0.022084862789103 	 0.9962890625
361 2.8365941072515527e-06 	 1.0 	 0.022697296601737804 	 0.99619140625
362 2.6311068493743588e-06 	 1.0 	 0.022661870073275737 	 0.99619140625
363 2.2454112725507217e-06 	 1.0 	 0.022017919574990684 	 0.9962890625
364 2.476553076568678e-06 	 1.0 	 0.02278853457887209 	 0.99619140625
365 2.6943652314499593e-06 	 1.0 	 0.02170663384842584 	 0.99599609375
366 2.8045717387538534e-06 	 1.0 	 0.02275901216553109 	 0.9962890625
367 3.000802826703331e-06 	 1.0 	 0.022762414432672528 	 0.9962890625
368 2.5349863933523784e-06 	 1.0 	 0.022838190902502477 	 0.99638671875
369 2.389469849978104e-06 	 1.0 	 0.022233645924379885 	 0.99609375
370 2.427570999825641e-06 	 1.0 	 0.0223462802576762 	 0.99619140625
371 2.4372510184900847e-06 	 1.0 	 0.02240736091882454 	 0.99609375
372 3.8073272981549347e-06 	 1.0 	 0.02268938725647871 	 0.99609375
373 2.790774419838174e-06 	 1.0 	 0.02221433811949538 	 0.9962890625
374 2.517057947423619e-06 	 1.0 	 0.02243520856894605 	 0.9962890625
375 2.4352738985457655e-06 	 1.0 	 0.022135897462668908 	 0.99609375
376 2.7030999303930664e-06 	 1.0 	 0.02152558399866251 	 0.99638671875
377 2.0922311223429184e-06 	 1.0 	 0.022469311984356467 	 0.9962890625
378 2.2627084692600604e-06 	 1.0 	 0.021636003525106418 	 0.996484375
379 2.178634427863776e-06 	 1.0 	 0.02293401392115584 	 0.99619140625
380 2.2986463610995207e-06 	 1.0 	 0.023233230172331077 	 0.9962890625
381 3.01581727966587e-06 	 1.0 	 0.02206160405880908 	 0.99619140625
382 2.735227106161329e-06 	 1.0 	 0.023251124149961555 	 0.99609375
383 2.4052411029171237e-06 	 1.0 	 0.022010013240699778 	 0.99638671875
384 2.414613144883147e-06 	 1.0 	 0.02309260446707384 	 0.99619140625
385 2.6808619724808912e-06 	 1.0 	 0.022745079568077385 	 0.9962890625
386 2.4259285521973262e-06 	 1.0 	 0.02342703592989608 	 0.99599609375
387 2.253449450837389e-06 	 1.0 	 0.023747256704875496 	 0.99609375
388 2.4735250010414983e-06 	 1.0 	 0.022517857053081514 	 0.99609375
389 2.3579738319855014e-06 	 1.0 	 0.023322486040059688 	 0.99619140625
390 2.0790520241641327e-06 	 1.0 	 0.022770041322656455 	 0.99609375
391 2.3352845814502766e-06 	 1.0 	 0.023225096438678604 	 0.99619140625
392 2.1691499478706916e-06 	 1.0 	 0.022816201364292965 	 0.99638671875
393 2.4100641201013897e-06 	 1.0 	 0.022747556824204197 	 0.9962890625
394 2.3199107826388373e-06 	 1.0 	 0.022756459876170254 	 0.99609375
395 2.906399105825276e-06 	 1.0 	 0.022160631604230475 	 0.9962890625
396 2.344718961529374e-06 	 1.0 	 0.02249143121476891 	 0.99619140625
397 2.5262227119707704e-06 	 1.0 	 0.022845460619400626 	 0.99619140625
398 2.211887737907384e-06 	 1.0 	 0.02246565985308848 	 0.99609375
399 2.171098280912055e-06 	 1.0 	 0.022608369154878006 	 0.99619140625
400 2.5271248514103637e-06 	 1.0 	 0.023153629237284434 	 0.99609375
401 2.364913228148626e-06 	 1.0 	 0.022378591672767102 	 0.99619140625
402 2.637786878757654e-06 	 1.0 	 0.0228597096479767 	 0.99609375
403 2.339653165594325e-06 	 1.0 	 0.0221038144428789 	 0.99619140625
404 2.3751758453349245e-06 	 1.0 	 0.022899598338076997 	 0.9962890625
405 2.349874935986646e-06 	 1.0 	 0.02241985537695044 	 0.99609375
406 2.0410476928334256e-06 	 1.0 	 0.022552421934474865 	 0.99619140625
407 2.133793591028711e-06 	 1.0 	 0.022564500905508565 	 0.99619140625
408 2.4999721260202857e-06 	 1.0 	 0.02211938232068391 	 0.99619140625
409 3.0562431007333507e-06 	 1.0 	 0.021945092298541625 	 0.99609375
410 2.0963710322457305e-06 	 1.0 	 0.02257938629273184 	 0.9962890625
411 2.219832679830267e-06 	 1.0 	 0.022417513064389282 	 0.99619140625
412 2.3353913956133606e-06 	 1.0 	 0.022810737400711645 	 0.9962890625
413 2.421237857042495e-06 	 1.0 	 0.022854003198686003 	 0.9962890625
414 2.1775136455198895e-06 	 1.0 	 0.02162872902395918 	 0.9962890625
415 2.2211413978565154e-06 	 1.0 	 0.022034249635232327 	 0.99619140625
416 2.219766988682378e-06 	 1.0 	 0.02238344806032515 	 0.99619140625
417 2.3228742141872994e-06 	 1.0 	 0.023003210026885056 	 0.99619140625
418 1.9771509690498303e-06 	 1.0 	 0.02289564556805388 	 0.99609375
419 1.946259667847652e-06 	 1.0 	 0.021904915606436502 	 0.99609375
420 2.2072819404339356e-06 	 1.0 	 0.022348678062867576 	 0.99619140625
421 2.0799348152524446e-06 	 1.0 	 0.02233408668936292 	 0.99619140625
422 2.441735335762244e-06 	 1.0 	 0.022310530095084147 	 0.99638671875
423 2.419176352315979e-06 	 1.0 	 0.022609870044974657 	 0.9962890625
424 2.177118025646569e-06 	 1.0 	 0.02252134541521116 	 0.99619140625
425 2.6278368478203688e-06 	 1.0 	 0.022568835430486444 	 0.99609375
426 1.976748131298041e-06 	 1.0 	 0.02254339121432878 	 0.99638671875
427 2.406852493322149e-06 	 1.0 	 0.022125130177081332 	 0.99609375
428 2.261083574472427e-06 	 1.0 	 0.0225172511755126 	 0.99619140625
429 2.5399015998766368e-06 	 1.0 	 0.022642243796601493 	 0.99609375
430 2.1063245814417325e-06 	 1.0 	 0.022829759243823845 	 0.99609375
431 2.1533977157427415e-06 	 1.0 	 0.022550744673399237 	 0.99609375
432 2.181801738728623e-06 	 1.0 	 0.022340645255772527 	 0.99619140625
433 2.1042567687675882e-06 	 1.0 	 0.0227516336902454 	 0.99619140625
434 2.0993907423406646e-06 	 1.0 	 0.022810875764274385 	 0.9962890625
435 2.1318928523568272e-06 	 1.0 	 0.022845176672014134 	 0.99609375
436 2.1082157857567943e-06 	 1.0 	 0.02224556446821637 	 0.996484375
437 2.0099638527949946e-06 	 1.0 	 0.022172896242918228 	 0.9962890625
438 2.222277122387134e-06 	 1.0 	 0.023086393044317078 	 0.9962890625
439 2.0580411481151874e-06 	 1.0 	 0.021916928022907456 	 0.9962890625
440 2.058404891623931e-06 	 1.0 	 0.022566745359903707 	 0.99609375
441 1.942812890893433e-06 	 1.0 	 0.02249565477727842 	 0.99619140625
442 2.190432511546849e-06 	 1.0 	 0.02281254610003458 	 0.99619140625
443 1.944877135807111e-06 	 1.0 	 0.022948087138240682 	 0.9962890625
444 1.9447616917663103e-06 	 1.0 	 0.022271817927509117 	 0.99638671875
445 2.383435442476426e-06 	 1.0 	 0.022424732242940594 	 0.9962890625
446 2.1869124542668046e-06 	 1.0 	 0.02252826242924897 	 0.99609375
447 2.0567041178503382e-06 	 1.0 	 0.022561803593580267 	 0.99619140625
448 2.190331123458813e-06 	 1.0 	 0.022812702467124524 	 0.99609375
449 2.1591802390792886e-06 	 1.0 	 0.022275529068001277 	 0.99619140625
450 1.975681899155396e-06 	 1.0 	 0.02261508035754787 	 0.99619140625
451 1.8338108884389098e-06 	 1.0 	 0.022361665081077575 	 0.99619140625
452 1.8737152762477845e-06 	 1.0 	 0.02315572086287645 	 0.99609375
453 2.1379769029898274e-06 	 1.0 	 0.023307529658532646 	 0.99599609375
454 2.089288403242411e-06 	 1.0 	 0.02321806909377173 	 0.99609375
455 2.1638234124090544e-06 	 1.0 	 0.02256802449123967 	 0.99619140625
456 2.0173435635323495e-06 	 1.0 	 0.02278094296987092 	 0.99609375
457 2.1358326293025445e-06 	 1.0 	 0.022415778703151545 	 0.99619140625
458 1.7765489901456934e-06 	 1.0 	 0.02288541683558378 	 0.9962890625
459 1.807111167807288e-06 	 1.0 	 0.022324275432318075 	 0.99619140625
460 1.771360447607765e-06 	 1.0 	 0.022764745311164347 	 0.99619140625
461 1.816658646809054e-06 	 1.0 	 0.02230790346404774 	 0.99619140625
462 1.931940925486489e-06 	 1.0 	 0.023084400670533967 	 0.99638671875
463 2.2939505453121554e-06 	 1.0 	 0.02332652006360263 	 0.99638671875
464 2.541509312250779e-06 	 1.0 	 0.02240182857952675 	 0.9962890625
465 2.027342215000936e-06 	 1.0 	 0.022567767230295743 	 0.9962890625
466 2.3476743828079233e-06 	 1.0 	 0.02259159806011297 	 0.99609375
467 1.8154898317762298e-06 	 1.0 	 0.02298540372761835 	 0.9962890625
468 2.426740789335914e-06 	 1.0 	 0.022945095860787745 	 0.9962890625
469 1.9460851999849317e-06 	 1.0 	 0.02265667011120236 	 0.9962890625
470 1.9185704218507174e-06 	 1.0 	 0.022830735528347645 	 0.99619140625
471 1.7745573756383935e-06 	 1.0 	 0.022955632145306736 	 0.9962890625
472 1.8491598645943407e-06 	 1.0 	 0.022896106060807143 	 0.99638671875
473 1.962635673340475e-06 	 1.0 	 0.022681049476702953 	 0.99619140625
474 1.873023886763899e-06 	 1.0 	 0.023460815939480996 	 0.99619140625
475 2.0260272085806137e-06 	 1.0 	 0.022636479290083146 	 0.99609375
476 1.9040354844140721e-06 	 1.0 	 0.02348703607100546 	 0.99609375
477 2.0696883658028037e-06 	 1.0 	 0.022949910489820268 	 0.99609375
478 2.370661954874309e-06 	 1.0 	 0.02223408143710941 	 0.996484375
479 1.6948775638542885e-06 	 1.0 	 0.02246409632737567 	 0.9962890625
480 2.173171722974601e-06 	 1.0 	 0.022871659225842222 	 0.99638671875
481 1.926629258431443e-06 	 1.0 	 0.0222646464931195 	 0.99619140625
482 1.6591550707736176e-06 	 1.0 	 0.02275986698605692 	 0.99638671875
483 1.851930706460039e-06 	 1.0 	 0.022601575065933945 	 0.99609375
484 2.00431313371848e-06 	 1.0 	 0.02236976114848872 	 0.9962890625
485 1.9055246714997385e-06 	 1.0 	 0.02328059529715105 	 0.99609375
486 1.8988754718206775e-06 	 1.0 	 0.022991057473899446 	 0.9962890625
487 1.970668630828072e-06 	 1.0 	 0.023044569574176423 	 0.99619140625
488 1.9727757915053326e-06 	 1.0 	 0.023240400846358256 	 0.99619140625
489 2.0694311836056965e-06 	 1.0 	 0.022706935693283015 	 0.99638671875
490 2.02594293566801e-06 	 1.0 	 0.02325702085627057 	 0.9962890625
491 1.766002501359681e-06 	 1.0 	 0.023310833558516465 	 0.99609375
492 2.0185490785517867e-06 	 1.0 	 0.02283538019100817 	 0.99619140625
493 1.7595522170836666e-06 	 1.0 	 0.022717021621233614 	 0.9962890625
494 2.022015040232561e-06 	 1.0 	 0.023105159508116913 	 0.99619140625
495 1.980756463660288e-06 	 1.0 	 0.02242753289384396 	 0.9962890625
496 1.8840765331937003e-06 	 1.0 	 0.022531024105452248 	 0.9962890625
497 2.1735785968998883e-06 	 1.0 	 0.022866036504299102 	 0.9962890625
498 1.8302129790811397e-06 	 1.0 	 0.022944298970904952 	 0.99609375
499 2.0941742766726027e-06 	 1.0 	 0.023286176521054358 	 0.99609375
500 1.6982635364500851e-06 	 1.0 	 0.02266587582815589 	 0.99609375
501 2.0630699537405863e-06 	 1.0 	 0.023128606574333334 	 0.9962890625
502 2.164219885442486e-06 	 1.0 	 0.022625626901140804 	 0.9962890625
503 1.6141430850191339e-06 	 1.0 	 0.023173258399086905 	 0.9962890625
504 1.8191475512414208e-06 	 1.0 	 0.02259708187423968 	 0.99609375
505 1.6539680730391904e-06 	 1.0 	 0.023207849015054904 	 0.99609375
506 1.7606331530632094e-06 	 1.0 	 0.022750616336883668 	 0.99609375
507 1.9533406734698035e-06 	 1.0 	 0.02288128510853369 	 0.99619140625
508 1.71011024371743e-06 	 1.0 	 0.022645502024163024 	 0.99609375
509 1.8508377432271911e-06 	 1.0 	 0.022273308867557517 	 0.99619140625
510 1.8009384428946609e-06 	 1.0 	 0.02337584844301972 	 0.9962890625
511 2.0166881422669213e-06 	 1.0 	 0.022551449899179232 	 0.9962890625
512 1.567947411463847e-06 	 1.0 	 0.022641818352983734 	 0.99638671875
513 2.0531220934659277e-06 	 1.0 	 0.023151937994888884 	 0.99619140625
514 1.6325365407892674e-06 	 1.0 	 0.022960308117628614 	 0.9962890625
515 1.9075028830993827e-06 	 1.0 	 0.022860378119614923 	 0.9962890625
516 1.7243669927332115e-06 	 1.0 	 0.022859568982316603 	 0.99609375
517 1.6497383663082634e-06 	 1.0 	 0.022796205993312668 	 0.9962890625
518 1.8218815082340152e-06 	 1.0 	 0.02327873507428464 	 0.99638671875
519 1.987908630119253e-06 	 1.0 	 0.023171427379230634 	 0.99609375
520 1.7094858245037378e-06 	 1.0 	 0.02318596692564867 	 0.99619140625
521 1.8824484419450682e-06 	 1.0 	 0.02339622932728318 	 0.99619140625
522 2.949316817203789e-06 	 1.0 	 0.022424754957577876 	 0.9962890625
523 1.681369038727719e-06 	 1.0 	 0.022851308938600566 	 0.99638671875
524 1.8812710538779467e-06 	 1.0 	 0.022450208381805937 	 0.99619140625
525 1.6310652683940767e-06 	 1.0 	 0.02243420609431439 	 0.99638671875
526 2.066276024111978e-06 	 1.0 	 0.023654582552203606 	 0.99619140625
527 1.754226913277898e-06 	 1.0 	 0.022760691944722567 	 0.996484375
528 1.770364998096936e-06 	 1.0 	 0.022676557947778165 	 0.9962890625
529 1.8425427106834218e-06 	 1.0 	 0.023038994538068635 	 0.9962890625
530 1.8535448141549419e-06 	 1.0 	 0.023193967609157796 	 0.99619140625
531 1.5191790454045149e-06 	 1.0 	 0.02357242621951272 	 0.99619140625
532 1.4508321887596747e-06 	 1.0 	 0.022724823473695466 	 0.9962890625
533 1.5812388107221227e-06 	 1.0 	 0.02292944205158918 	 0.99638671875
534 1.49444463502446e-06 	 1.0 	 0.022928001916720574 	 0.99609375
535 1.8544416807495727e-06 	 1.0 	 0.022562249282744064 	 0.9962890625
536 1.7160251492705612e-06 	 1.0 	 0.022046263501828634 	 0.9962890625
537 1.9036203034264433e-06 	 1.0 	 0.022949544731125825 	 0.99619140625
538 1.623924975594882e-06 	 1.0 	 0.02239835916803159 	 0.99619140625
539 1.7392770813241017e-06 	 1.0 	 0.022922542347399856 	 0.99619140625
540 1.555385141576262e-06 	 1.0 	 0.022701754906684357 	 0.99619140625
541 1.8211676230034603e-06 	 1.0 	 0.023130530262557868 	 0.9962890625
542 1.648458206648258e-06 	 1.0 	 0.02359598945112822 	 0.99619140625
543 1.5503203939007314e-06 	 1.0 	 0.023087456993720678 	 0.9958984375
544 1.561877344457266e-06 	 1.0 	 0.023041831270121094 	 0.99638671875
545 1.7165800209247261e-06 	 1.0 	 0.02269750491571898 	 0.99638671875
546 1.9354871099499285e-06 	 1.0 	 0.02206434278535383 	 0.99609375
547 2.1970231803861726e-06 	 1.0 	 0.02288974615398729 	 0.99638671875
548 1.7370577911152648e-06 	 1.0 	 0.023266932778584958 	 0.9962890625
549 1.594267794299852e-06 	 1.0 	 0.02323159149109628 	 0.9962890625
550 1.5313551790381252e-06 	 1.0 	 0.02273961714545756 	 0.99619140625
551 1.7947906575595752e-06 	 1.0 	 0.02319227925938492 	 0.9962890625
552 1.8576877510788428e-06 	 1.0 	 0.023731708716475453 	 0.99619140625
553 1.4984801165886047e-06 	 1.0 	 0.023690982876445332 	 0.99599609375
554 1.6574152142419667e-06 	 1.0 	 0.023016516940021603 	 0.99638671875
555 1.6465288071175218e-06 	 1.0 	 0.022795201661323004 	 0.996484375
556 1.7002016005315692e-06 	 1.0 	 0.023566756404907352 	 0.9962890625
557 1.7240817231633808e-06 	 1.0 	 0.023873291256885663 	 0.99619140625
558 1.9179765740380767e-06 	 1.0 	 0.02289286908426007 	 0.99638671875
559 1.700486969759107e-06 	 1.0 	 0.023059009097336512 	 0.99619140625
560 1.8822776758827942e-06 	 1.0 	 0.02418265695755082 	 0.99619140625
561 1.5140113133003834e-06 	 1.0 	 0.023680915008358026 	 0.99619140625
562 1.5993203417203677e-06 	 1.0 	 0.023258016493821997 	 0.9962890625
563 1.819485549333567e-06 	 1.0 	 0.023526804546102655 	 0.9962890625
564 1.8409045588038593e-06 	 1.0 	 0.022995354587063234 	 0.9962890625
565 1.3406584382754868e-06 	 1.0 	 0.02303788927911512 	 0.99638671875
566 1.4677571545545499e-06 	 1.0 	 0.02342880169032959 	 0.99609375
567 1.6201583953127685e-06 	 1.0 	 0.022915403356387996 	 0.9962890625
568 1.6779966872179947e-06 	 1.0 	 0.022848401668291274 	 0.99609375
569 1.5674911004101134e-06 	 1.0 	 0.02275419926352775 	 0.9962890625
570 1.5122572081153245e-06 	 1.0 	 0.02361114664329733 	 0.9962890625
571 1.5152111274773515e-06 	 1.0 	 0.022613503410194014 	 0.9962890625
572 1.6330876747342281e-06 	 1.0 	 0.022992611535848084 	 0.9962890625
573 1.7436136576077358e-06 	 1.0 	 0.022599450075410844 	 0.9962890625
574 1.703479205874144e-06 	 1.0 	 0.0233261557450831 	 0.99609375
575 1.5815555234253585e-06 	 1.0 	 0.022940450713632286 	 0.9962890625
576 1.6497045764938955e-06 	 1.0 	 0.023428509529010454 	 0.99609375
577 1.4762027217736951e-06 	 1.0 	 0.022698413504817695 	 0.9962890625
578 1.6567753507731356e-06 	 1.0 	 0.023002700965738043 	 0.99619140625
579 3.6537198801369114e-06 	 1.0 	 0.023390778794783528 	 0.9958984375
580 1.8731926275067893e-06 	 1.0 	 0.023078640341905654 	 0.99599609375
581 1.893538507118165e-06 	 1.0 	 0.023740439137482028 	 0.9958984375
582 1.8389597304282206e-06 	 1.0 	 0.023075825354111144 	 0.99599609375
583 1.7501638202047662e-06 	 1.0 	 0.022602549166662912 	 0.99609375
584 1.5591764530342778e-06 	 1.0 	 0.02350580414323744 	 0.99609375
585 1.4754349676633371e-06 	 1.0 	 0.023413817038905195 	 0.99609375
586 1.8454043539138422e-06 	 1.0 	 0.02313715594072434 	 0.99609375
587 2.206619400656987e-06 	 1.0 	 0.023547265297100495 	 0.99619140625
588 1.514118646904735e-06 	 1.0 	 0.022980226358935596 	 0.9962890625
589 1.4770741916810152e-06 	 1.0 	 0.023091212490617963 	 0.99619140625
590 1.9274244041641613e-06 	 1.0 	 0.02354240677702748 	 0.99619140625
591 1.7834275221630401e-06 	 1.0 	 0.023106620387819278 	 0.9962890625
592 1.53232987008836e-06 	 1.0 	 0.023167708881366524 	 0.99619140625
593 1.6518224162105082e-06 	 1.0 	 0.022976147468886054 	 0.9962890625
594 1.6604644324679914e-06 	 1.0 	 0.023117195706024062 	 0.9958984375
595 1.6537553372710017e-06 	 1.0 	 0.023409942601683296 	 0.99609375
596 1.6672995386938163e-06 	 1.0 	 0.023208103664676117 	 0.99609375
597 1.6741945057281932e-06 	 1.0 	 0.023088893627152628 	 0.99609375
598 1.7480790836747279e-06 	 1.0 	 0.023044870983795818 	 0.99609375
599 1.4203231697259065e-06 	 1.0 	 0.02360972171986333 	 0.99609375
600 1.566974277828792e-06 	 1.0 	 0.022836031484919063 	 0.99609375
601 1.516151985789895e-06 	 1.0 	 0.02341673967045743 	 0.99609375
602 1.5482529943953762e-06 	 1.0 	 0.02353103263894738 	 0.99619140625
603 1.5784052141217958e-06 	 1.0 	 0.02289063021442601 	 0.9962890625
604 1.508888413099148e-06 	 1.0 	 0.023139766646021798 	 0.99619140625
605 1.3296383279791772e-06 	 1.0 	 0.023119162662800362 	 0.99619140625
606 1.4701331157657873e-06 	 1.0 	 0.02338677035594756 	 0.99609375
607 1.3363731879282493e-06 	 1.0 	 0.022939275654786685 	 0.9962890625
608 1.5087227849332341e-06 	 1.0 	 0.023583292010714983 	 0.99609375
609 1.6039407011402362e-06 	 1.0 	 0.023513132859891782 	 0.99619140625
610 1.4473282734841008e-06 	 1.0 	 0.02334996491400574 	 0.9962890625
611 1.769906623888781e-06 	 1.0 	 0.023273152941948892 	 0.99619140625
612 2.2107352405339177e-06 	 1.0 	 0.023753821534812047 	 0.99599609375
613 1.5791112652824986e-06 	 1.0 	 0.023317776417469814 	 0.99609375
614 1.590085497379018e-06 	 1.0 	 0.022673673341482115 	 0.9962890625
615 1.5583468281335307e-06 	 1.0 	 0.02285311187153951 	 0.99609375
616 1.2916971041830137e-06 	 1.0 	 0.02371236820467786 	 0.99599609375
617 1.7558424975205848e-06 	 1.0 	 0.02287131163954683 	 0.9962890625
618 1.429128833170694e-06 	 1.0 	 0.023808492734577767 	 0.99599609375
619 1.5682649168492857e-06 	 1.0 	 0.022903340840112564 	 0.99619140625
620 1.6309164635904171e-06 	 1.0 	 0.0232588009208456 	 0.99619140625
621 1.4979668790315756e-06 	 1.0 	 0.022719919307796134 	 0.99619140625
622 1.467225539273058e-06 	 1.0 	 0.022745689684816738 	 0.99609375
623 1.5848794337658485e-06 	 1.0 	 0.0233044191897271 	 0.99599609375
624 1.606723448104041e-06 	 1.0 	 0.022764579298548783 	 0.99619140625
625 2.0717380619269144e-06 	 1.0 	 0.02306050660215746 	 0.99619140625
626 1.542188936763095e-06 	 1.0 	 0.023015670423951917 	 0.9962890625
627 1.631337678194392e-06 	 1.0 	 0.02290291770066233 	 0.99609375
628 1.6000794343329493e-06 	 1.0 	 0.02331616641167642 	 0.9962890625
629 2.1045231714106426e-06 	 1.0 	 0.023670825620339286 	 0.99619140625
630 1.3683635048062784e-06 	 1.0 	 0.02330010516709713 	 0.99619140625
631 1.4005355806241187e-06 	 1.0 	 0.02331585355955603 	 0.99609375
632 1.4760604755520732e-06 	 1.0 	 0.02326613202363852 	 0.99619140625
633 1.4874827338467173e-06 	 1.0 	 0.02361332989570499 	 0.99609375
634 2.9034970577548246e-06 	 1.0 	 0.02416068541504899 	 0.99609375
635 1.5995896078324748e-06 	 1.0 	 0.02406932618205033 	 0.99599609375
636 1.362156672970057e-06 	 1.0 	 0.02391095463253521 	 0.99609375
637 1.56451300507683e-06 	 1.0 	 0.024018519956684515 	 0.99609375
638 1.5309013070904271e-06 	 1.0 	 0.023720936797761282 	 0.99599609375
639 1.4865403971327997e-06 	 1.0 	 0.02359375268004449 	 0.99619140625
640 1.6065420761646926e-06 	 1.0 	 0.02419360789775311 	 0.99619140625
641 1.599403225022181e-06 	 1.0 	 0.02274961742603985 	 0.99599609375
642 1.506585227855601e-06 	 1.0 	 0.022820938887410235 	 0.99609375
643 1.53274032725704e-06 	 1.0 	 0.02331683610651396 	 0.99619140625
644 1.527741369732898e-06 	 1.0 	 0.022768127383992365 	 0.99609375
645 1.5070243158985933e-06 	 1.0 	 0.023759190897284555 	 0.99609375
646 1.3140401679754253e-06 	 1.0 	 0.023443772238790926 	 0.99609375
647 1.3774885847238771e-06 	 1.0 	 0.02330964655560308 	 0.99619140625
648 1.3094767782729347e-06 	 1.0 	 0.0237829408225231 	 0.99619140625
649 1.5461201811990751e-06 	 1.0 	 0.023257654539319005 	 0.99619140625
650 2.8176899857256444e-06 	 1.0 	 0.024121526451779472 	 0.99599609375
651 1.70453277363744e-06 	 1.0 	 0.02346805193663428 	 0.99619140625
652 1.3885274844959874e-06 	 1.0 	 0.02374906520679474 	 0.99609375
653 1.485342445050283e-06 	 1.0 	 0.02358177825629184 	 0.99619140625
654 1.5066603904836408e-06 	 1.0 	 0.02354491232440594 	 0.99619140625
655 1.8903973396465372e-06 	 1.0 	 0.023407236260043263 	 0.99619140625
656 1.392729411804503e-06 	 1.0 	 0.023882061638911267 	 0.9962890625
657 1.3535835024521408e-06 	 1.0 	 0.02407335857033104 	 0.9958984375
658 1.7823422911616427e-06 	 1.0 	 0.023818662005236035 	 0.99609375
659 1.5555267148357715e-06 	 1.0 	 0.02495592700243563 	 0.99619140625
660 1.3516231793746463e-06 	 1.0 	 0.02336759200773031 	 0.99619140625
661 1.4530121312198092e-06 	 1.0 	 0.023702021981540967 	 0.99609375
662 1.5791751596113715e-06 	 1.0 	 0.024476694308803105 	 0.99599609375
663 1.6761464345882835e-06 	 1.0 	 0.024307344257939435 	 0.99638671875
664 1.4216641498087786e-06 	 1.0 	 0.024072887872432246 	 0.99609375
665 1.3758439136601453e-06 	 1.0 	 0.023695134667310214 	 0.9962890625
666 1.5978957749528914e-06 	 1.0 	 0.02341772558197519 	 0.99619140625
667 1.5276108984219619e-06 	 1.0 	 0.02393692263491829 	 0.9962890625
668 1.3707434003162679e-06 	 1.0 	 0.02380167871231862 	 0.99619140625
669 1.5569265068134694e-06 	 1.0 	 0.02347224892234543 	 0.99609375
670 1.3268674875672748e-06 	 1.0 	 0.02367755313904283 	 0.99619140625
671 1.6810909440766894e-06 	 1.0 	 0.023319650840615935 	 0.99638671875
672 1.344754113458405e-06 	 1.0 	 0.024142764214516887 	 0.9962890625
673 1.3903732038993893e-06 	 1.0 	 0.023434493436147362 	 0.9962890625
674 1.2945088066537506e-06 	 1.0 	 0.023089814997130986 	 0.9962890625
675 1.4434343521679926e-06 	 1.0 	 0.023166469963967984 	 0.99609375
676 1.2702276611525799e-06 	 1.0 	 0.023039567560730844 	 0.99609375
677 1.5695070036305396e-06 	 1.0 	 0.022957585451448638 	 0.9962890625
678 1.240453737177236e-06 	 1.0 	 0.02356418333572279 	 0.9962890625
679 1.2594730720992283e-06 	 1.0 	 0.023335577287929964 	 0.99609375
680 1.4384951859609598e-06 	 1.0 	 0.02354290368561891 	 0.99619140625
681 1.331633000255349e-06 	 1.0 	 0.02346288587318739 	 0.99619140625
682 1.5564967977892096e-06 	 1.0 	 0.02357322473696897 	 0.99609375
683 1.3885974002293209e-06 	 1.0 	 0.023334415381392404 	 0.99609375
684 1.2729300579812006e-06 	 1.0 	 0.023971426549625717 	 0.99599609375
685 1.2474091745240872e-06 	 1.0 	 0.02414997872639546 	 0.99619140625
686 1.4695882232209486e-06 	 1.0 	 0.02302859513833617 	 0.99619140625
687 1.2292184330710109e-06 	 1.0 	 0.02418690127822245 	 0.99619140625
688 1.4258101886242566e-06 	 1.0 	 0.02356334656417829 	 0.99599609375
689 1.2981288463102512e-06 	 1.0 	 0.02331373108454926 	 0.99619140625
690 1.2648778266493606e-06 	 1.0 	 0.02371763159002711 	 0.99609375
691 1.3217583423830567e-06 	 1.0 	 0.023318181110102996 	 0.99619140625
692 1.5670171453990415e-06 	 1.0 	 0.023285822059327898 	 0.9962890625
693 1.1402513113422252e-06 	 1.0 	 0.023834351527662535 	 0.9962890625
694 1.1979964118786495e-06 	 1.0 	 0.023819344199267435 	 0.99609375
695 1.1713488600579302e-06 	 1.0 	 0.023517205308264975 	 0.996484375
696 1.2410142953903258e-06 	 1.0 	 0.02315573371141042 	 0.9962890625
697 1.4488403097705596e-06 	 1.0 	 0.0239480097444968 	 0.99609375
698 1.495080401224021e-06 	 1.0 	 0.02399002742770904 	 0.99619140625
699 1.4899103004139194e-06 	 1.0 	 0.02429150979284316 	 0.99599609375
700 1.392325123418841e-06 	 1.0 	 0.023679423485492634 	 0.99609375
701 1.2359478919503238e-06 	 1.0 	 0.023405907682483473 	 0.9962890625
702 1.2922171298037598e-06 	 1.0 	 0.02331523517690961 	 0.9962890625
703 1.1712434844985578e-06 	 1.0 	 0.024259730125573496 	 0.99609375
704 1.282824153177082e-06 	 1.0 	 0.023383728312438023 	 0.99609375
705 1.2120303430518228e-06 	 1.0 	 0.02428479122911469 	 0.99599609375
706 1.2483005955264603e-06 	 1.0 	 0.02393632912846506 	 0.99609375
707 1.2769321266275587e-06 	 1.0 	 0.023796341807790354 	 0.9962890625
708 1.2696162886665528e-06 	 1.0 	 0.023226378174164352 	 0.99599609375
709 1.3658949909514583e-06 	 1.0 	 0.023573084392607767 	 0.99609375
710 1.2542543247348796e-06 	 1.0 	 0.02340558375618116 	 0.9962890625
711 1.1943370720852617e-06 	 1.0 	 0.024201768046735593 	 0.9962890625
712 1.3127466586166936e-06 	 1.0 	 0.02312136500363877 	 0.99619140625
713 1.3486920418663175e-06 	 1.0 	 0.02392076090709878 	 0.99619140625
714 1.2288491428585064e-06 	 1.0 	 0.023389237141346796 	 0.99619140625
715 1.4168203980788607e-06 	 1.0 	 0.024046920836414642 	 0.99609375
716 1.3589939879019723e-06 	 1.0 	 0.023347494080173094 	 0.9962890625
717 1.3403940483764817e-06 	 1.0 	 0.02406108593901024 	 0.99609375
718 1.2297810864220315e-06 	 1.0 	 0.02341647968603482 	 0.99619140625
719 1.1707152021531526e-06 	 1.0 	 0.023510835892034267 	 0.9962890625
720 1.5447277452104546e-06 	 1.0 	 0.02345015436411515 	 0.99609375
721 1.113145291761586e-06 	 1.0 	 0.02289204723400573 	 0.99619140625
722 1.2187230504438034e-06 	 1.0 	 0.023393491244785736 	 0.99619140625
723 1.0922125065399947e-06 	 1.0 	 0.02357647300023018 	 0.9962890625
724 1.20924003918435e-06 	 1.0 	 0.023937947555536 	 0.99609375
725 1.2514196622841041e-06 	 1.0 	 0.023791024995613697 	 0.99609375
726 1.4922423797778676e-06 	 1.0 	 0.023775307927762057 	 0.99619140625
727 1.1751281072635354e-06 	 1.0 	 0.023636262837419507 	 0.99599609375
728 1.2512102762796896e-06 	 1.0 	 0.023248242997572534 	 0.99609375
729 1.3621151631361238e-06 	 1.0 	 0.023412227037020016 	 0.99609375
730 1.2524111205437276e-06 	 1.0 	 0.023824796700949235 	 0.99609375
731 1.1160446776046792e-06 	 1.0 	 0.024317453069221173 	 0.99609375
732 1.2436230496645936e-06 	 1.0 	 0.023749016282863522 	 0.99619140625
733 1.2379481178357873e-06 	 1.0 	 0.023288956565705732 	 0.99609375
734 1.1982202125599615e-06 	 1.0 	 0.023874161634211077 	 0.9962890625
735 1.2075195263154888e-06 	 1.0 	 0.02298989467095893 	 0.99619140625
736 1.1590248301703948e-06 	 1.0 	 0.02377661495711756 	 0.99599609375
737 1.2688191305532342e-06 	 1.0 	 0.023513225904319413 	 0.99619140625
738 1.36911618592462e-06 	 1.0 	 0.02385289579469827 	 0.99609375
739 1.1429270057567669e-06 	 1.0 	 0.023387652919963385 	 0.99609375
740 1.176196920729798e-06 	 1.0 	 0.023824264087127033 	 0.99609375
741 1.091441444862288e-06 	 1.0 	 0.02369640608044037 	 0.99609375
742 1.506949261469312e-06 	 1.0 	 0.0236803339859037 	 0.99619140625
743 1.2493387732612038e-06 	 1.0 	 0.02340304005874607 	 0.9962890625
744 1.185172748365366e-06 	 1.0 	 0.02384372871986855 	 0.99619140625
745 1.1828593613273088e-06 	 1.0 	 0.02384207137501555 	 0.9962890625
746 1.0628436710468747e-06 	 1.0 	 0.023842996322645506 	 0.99609375
747 1.048121226870342e-06 	 1.0 	 0.024137567600555344 	 0.9962890625
748 1.1067129024407681e-06 	 1.0 	 0.02359037540191835 	 0.99619140625
749 1.1751276773397493e-06 	 1.0 	 0.023800044156830326 	 0.9962890625
750 1.1913785140967243e-06 	 1.0 	 0.024326117806689494 	 0.99609375
751 1.3238890157735488e-06 	 1.0 	 0.02403304627958285 	 0.99599609375
752 1.3154583012963444e-06 	 1.0 	 0.023723239905564242 	 0.9962890625
753 1.4186599145713865e-06 	 1.0 	 0.02381231722243484 	 0.9962890625
754 1.2681001375925838e-06 	 1.0 	 0.02344626249174908 	 0.99619140625
755 1.0474634211252585e-06 	 1.0 	 0.023618025761425444 	 0.99619140625
756 1.1868958322722387e-06 	 1.0 	 0.023733998120296463 	 0.99619140625
757 1.2200523633059198e-06 	 1.0 	 0.02348622147237194 	 0.99619140625
758 1.1986873708208857e-06 	 1.0 	 0.023542954954949024 	 0.99599609375
759 1.0569913889506044e-06 	 1.0 	 0.023814324199283733 	 0.99609375
760 1.1385346421279431e-06 	 1.0 	 0.023616001369011385 	 0.99619140625
761 1.2049559995946655e-06 	 1.0 	 0.023657077016667926 	 0.99619140625
762 1.200646751366167e-06 	 1.0 	 0.024639363545107783 	 0.99609375
763 1.0943122651428487e-06 	 1.0 	 0.023790504429784677 	 0.99619140625
764 1.1595010836690958e-06 	 1.0 	 0.02383446356304262 	 0.99609375
765 1.3718631609324108e-06 	 1.0 	 0.023438834461023815 	 0.99619140625
766 1.1661106536357437e-06 	 1.0 	 0.023573664927246794 	 0.99609375
767 1.170644409817249e-06 	 1.0 	 0.024189576893599705 	 0.99609375
768 1.2464215776916976e-06 	 1.0 	 0.023987576631225593 	 0.99609375
769 1.2667681512361912e-06 	 1.0 	 0.023677858281392617 	 0.99619140625
770 1.2647941498657568e-06 	 1.0 	 0.023826953085260883 	 0.99609375
771 1.0548344600792312e-06 	 1.0 	 0.02327181828811824 	 0.9962890625
772 1.079292915686755e-06 	 1.0 	 0.023377951889782977 	 0.99609375
773 1.2651384086208203e-06 	 1.0 	 0.02422945998619639 	 0.9962890625
774 1.4652128232820264e-06 	 1.0 	 0.023417166097071986 	 0.9962890625
775 1.0497546167688135e-06 	 1.0 	 0.023308726579535845 	 0.99619140625
776 1.1188226628781525e-06 	 1.0 	 0.023551437220358195 	 0.9962890625
777 1.1336568228722994e-06 	 1.0 	 0.02357449865235033 	 0.9962890625
778 1.0969918467531558e-06 	 1.0 	 0.02356834982942111 	 0.99609375
779 1.2686116870381831e-06 	 1.0 	 0.02372828969968239 	 0.99609375
780 9.620241886020203e-07 	 1.0 	 0.02369194947235549 	 0.99638671875
781 1.0970815867741965e-06 	 1.0 	 0.024186447206035668 	 0.99609375
782 1.0753401461309242e-06 	 1.0 	 0.023518027115873252 	 0.99609375
783 1.1339857784267694e-06 	 1.0 	 0.023768501181656278 	 0.99619140625
784 1.111981716209109e-06 	 1.0 	 0.023703221949603302 	 0.99609375
785 1.6754467606122378e-06 	 1.0 	 0.02407482802873382 	 0.99619140625
786 1.2852972161045864e-06 	 1.0 	 0.023729215025640116 	 0.9962890625
787 1.0682312503071156e-06 	 1.0 	 0.023681529224030128 	 0.99638671875
788 1.158986431132538e-06 	 1.0 	 0.024184854226612273 	 0.9962890625
789 1.4638301270715857e-06 	 1.0 	 0.023942308321893792 	 0.99609375
790 1.2375924271931758e-06 	 1.0 	 0.02322329395730769 	 0.99609375
791 1.3661659314366238e-06 	 1.0 	 0.023607879035058232 	 0.99619140625
792 1.1520780958635372e-06 	 1.0 	 0.0235763311938058 	 0.99619140625
793 1.1411746404746155e-06 	 1.0 	 0.02321195443032522 	 0.9962890625
794 1.184501888550948e-06 	 1.0 	 0.02333797977032894 	 0.9962890625
795 1.2039291685913763e-06 	 1.0 	 0.024576628460449966 	 0.99609375
796 1.0686053499308014e-06 	 1.0 	 0.02404889518019182 	 0.99609375
797 1.408155074456814e-06 	 1.0 	 0.023106443124751942 	 0.9962890625
798 1.1072624693028061e-06 	 1.0 	 0.024589736877447876 	 0.99609375
799 1.2289673038984246e-06 	 1.0 	 0.02393833394210887 	 0.99609375
800 1.0328379076622521e-06 	 1.0 	 0.023523803150767363 	 0.9962890625
801 1.0402228292765204e-06 	 1.0 	 0.02336619750735842 	 0.99619140625
802 1.0930985124798233e-06 	 1.0 	 0.023669632653201232 	 0.99609375
803 1.0876348786150815e-06 	 1.0 	 0.023328210351265356 	 0.99609375
804 1.2215427585686513e-06 	 1.0 	 0.023515228520912146 	 0.99619140625
805 1.2477587751067278e-06 	 1.0 	 0.023713284773342024 	 0.99619140625
806 1.1264978153224122e-06 	 1.0 	 0.02392898278456599 	 0.9962890625
807 1.084099272079491e-06 	 1.0 	 0.02366564219746401 	 0.99619140625
808 1.1428397532895093e-06 	 1.0 	 0.02372997977824447 	 0.99619140625
809 1.1190749519254359e-06 	 1.0 	 0.023678338308030077 	 0.99619140625
810 1.0017035058025383e-06 	 1.0 	 0.02451152230778426 	 0.99609375
811 1.0616942364215312e-06 	 1.0 	 0.02418357596447649 	 0.99599609375
812 1.1632289843307478e-06 	 1.0 	 0.02438709712811331 	 0.99609375
813 1.1751179695814238e-06 	 1.0 	 0.024432733909999626 	 0.99599609375
814 1.0878340792528794e-06 	 1.0 	 0.023691307790712556 	 0.99619140625
815 1.2899205797936382e-06 	 1.0 	 0.023922158888634824 	 0.99609375
816 1.0044804186107918e-06 	 1.0 	 0.024076268296055046 	 0.99619140625
817 1.0900435634631342e-06 	 1.0 	 0.02427030658997644 	 0.99599609375
818 1.0973907701595415e-06 	 1.0 	 0.023400416693159797 	 0.99609375
819 1.0355882298533294e-06 	 1.0 	 0.023837667212178105 	 0.99609375
820 1.1121892822791528e-06 	 1.0 	 0.023974150758330738 	 0.99619140625
821 1.229523416767166e-06 	 1.0 	 0.02369627054898551 	 0.99609375
822 1.0447883281097271e-06 	 1.0 	 0.023854688131781286 	 0.9962890625
823 1.0575394460092773e-06 	 1.0 	 0.024141269486117167 	 0.99619140625
824 9.093275998941321e-07 	 1.0 	 0.023938074199297787 	 0.99599609375
825 1.2965776613360908e-06 	 1.0 	 0.023666015049635548 	 0.99609375
826 1.0835763981818588e-06 	 1.0 	 0.02384984607005016 	 0.9962890625
827 9.53049149614372e-07 	 1.0 	 0.023765131710687372 	 0.99609375
828 1.0970058558936928e-06 	 1.0 	 0.02382605189824858 	 0.9962890625
829 1.1367644794402988e-06 	 1.0 	 0.02322814103372579 	 0.99609375
830 1.0436766716787104e-06 	 1.0 	 0.024027555844747896 	 0.99619140625
831 1.1150601804831725e-06 	 1.0 	 0.023731779281529343 	 0.9962890625
832 1.118354942507052e-06 	 1.0 	 0.023423334361594782 	 0.99609375
833 1.0396826105400525e-06 	 1.0 	 0.024253645543019786 	 0.99609375
834 1.0728981813147183e-06 	 1.0 	 0.02343715964710995 	 0.9962890625
835 1.040990862479342e-06 	 1.0 	 0.02375621630723863 	 0.9962890625
836 1.3464863836106769e-06 	 1.0 	 0.023544498476051955 	 0.9962890625
837 1.0240667914958302e-06 	 1.0 	 0.02373325864111493 	 0.99609375
838 1.073145744289669e-06 	 1.0 	 0.024476570102258677 	 0.99609375
839 1.0561473726700389e-06 	 1.0 	 0.023302693355218194 	 0.99619140625
840 1.0660149560444808e-06 	 1.0 	 0.023480042619786444 	 0.99619140625
841 1.0488528880265556e-06 	 1.0 	 0.02290409410408998 	 0.99619140625
842 1.0214754455912784e-06 	 1.0 	 0.023929186964122807 	 0.99619140625
843 1.0500734031301459e-06 	 1.0 	 0.024336437065466753 	 0.99609375
844 1.164115312140984e-06 	 1.0 	 0.024071196787890513 	 0.99599609375
845 1.1093880699269932e-06 	 1.0 	 0.024483093438175986 	 0.99619140625
846 1.1659068697610582e-06 	 1.0 	 0.023939969928932568 	 0.99609375
847 1.1152946402868329e-06 	 1.0 	 0.02352502967322003 	 0.99619140625
848 1.163932059135148e-06 	 1.0 	 0.023745659274853635 	 0.99619140625
849 1.1821569173249405e-06 	 1.0 	 0.02426735834948488 	 0.9962890625
850 1.0340349757641848e-06 	 1.0 	 0.02439153088629382 	 0.99599609375
851 9.898370092476217e-07 	 1.0 	 0.02369281093950999 	 0.99619140625
852 1.0578513042700045e-06 	 1.0 	 0.02435834183037855 	 0.99609375
853 1.0349534753866656e-06 	 1.0 	 0.023690104397277877 	 0.9962890625
854 1.1106774362945747e-06 	 1.0 	 0.024474435491227096 	 0.99599609375
855 9.615714440366814e-07 	 1.0 	 0.02421669527215222 	 0.99638671875
856 9.492815546917699e-07 	 1.0 	 0.024278394324345955 	 0.99619140625
857 1.3103845721789092e-06 	 1.0 	 0.02446225818117931 	 0.9962890625
858 9.551331850150028e-07 	 1.0 	 0.023776520467463768 	 0.99609375
859 1.0748642470676583e-06 	 1.0 	 0.023091913276370234 	 0.9962890625
860 1.1653236543572668e-06 	 1.0 	 0.02403601743808572 	 0.9962890625
861 9.776059654529101e-07 	 1.0 	 0.02394546958141035 	 0.99609375
862 1.0231506334660265e-06 	 1.0 	 0.023466967276287675 	 0.99609375
863 1.231804946848821e-06 	 1.0 	 0.02459795722888778 	 0.99599609375
864 1.1474284481992049e-06 	 1.0 	 0.024297980444691447 	 0.99609375
865 1.1036318596779893e-06 	 1.0 	 0.023797633817239115 	 0.99619140625
866 1.0681269045803988e-06 	 1.0 	 0.024184223195985767 	 0.99619140625
867 1.0373682478232363e-06 	 1.0 	 0.023555761389161843 	 0.99619140625
868 1.120582452296063e-06 	 1.0 	 0.023977133717729516 	 0.9962890625
869 1.1546853023176778e-06 	 1.0 	 0.023876039481506694 	 0.99619140625
870 1.2198217867727759e-06 	 1.0 	 0.024511816358580064 	 0.99609375
871 1.057084378278124e-06 	 1.0 	 0.02342148398617603 	 0.99638671875
872 1.1021295409266335e-06 	 1.0 	 0.02380367132359673 	 0.99619140625
873 9.840145718361878e-07 	 1.0 	 0.023862415419386274 	 0.99609375
874 1.040865329058798e-06 	 1.0 	 0.023643538075807415 	 0.9962890625
875 1.0862458537767661e-06 	 1.0 	 0.024055491080184056 	 0.99619140625
876 9.924112812281995e-07 	 1.0 	 0.023757330572566814 	 0.9962890625
877 9.242789262047122e-07 	 1.0 	 0.0239303142255368 	 0.99619140625
878 1.0831945818459932e-06 	 1.0 	 0.023497026766436235 	 0.99609375
879 9.969263653279214e-07 	 1.0 	 0.02512486463541954 	 0.99599609375
880 9.87879349524177e-07 	 1.0 	 0.024544178543404627 	 0.99619140625
881 1.0215495114393621e-06 	 1.0 	 0.02432891188816839 	 0.99599609375
882 9.236708903256066e-07 	 1.0 	 0.02307724861396885 	 0.99638671875
883 1.0495765633729726e-06 	 1.0 	 0.024844799786025364 	 0.99599609375
884 1.0032326927733934e-06 	 1.0 	 0.023407016769088074 	 0.99619140625
885 1.048258265122642e-06 	 1.0 	 0.023997617130236293 	 0.99638671875
886 1.052483051590452e-06 	 1.0 	 0.023191527829156833 	 0.9962890625
887 9.207013529071434e-07 	 1.0 	 0.023549138083366117 	 0.99638671875
888 1.0567134547259497e-06 	 1.0 	 0.023829770234888414 	 0.9962890625
889 9.965244400874602e-07 	 1.0 	 0.02416555642626861 	 0.99619140625
890 1.2858469255476552e-06 	 1.0 	 0.024500330545074077 	 0.99609375
891 1.0756148464593362e-06 	 1.0 	 0.023888498232167876 	 0.9962890625
892 1.1747370334826177e-06 	 1.0 	 0.024059825491090335 	 0.99619140625
893 9.111761966139924e-07 	 1.0 	 0.023670413332766316 	 0.9962890625
894 9.268283239558732e-07 	 1.0 	 0.02370263843157474 	 0.99638671875
895 1.0659672071728438e-06 	 1.0 	 0.02403664264274532 	 0.99638671875
896 9.695787560198034e-07 	 1.0 	 0.023767297683906462 	 0.99638671875
897 1.0402498778757433e-06 	 1.0 	 0.02401420988113756 	 0.99619140625
898 1.1161022407615346e-06 	 1.0 	 0.024124395827957203 	 0.99619140625
899 9.196941746799929e-07 	 1.0 	 0.023468576368813387 	 0.99638671875
900 9.479459267584254e-07 	 1.0 	 0.023399937074778877 	 0.9962890625
901 8.976453706947811e-07 	 1.0 	 0.023693047105595257 	 0.9962890625
902 1.1552149153951404e-06 	 1.0 	 0.023763378573625003 	 0.99619140625
903 1.1850733774191117e-06 	 1.0 	 0.023186728191010177 	 0.99609375
904 9.774807906111196e-07 	 1.0 	 0.024577768723927206 	 0.99619140625
905 9.592579867075937e-07 	 1.0 	 0.023701987985229777 	 0.9962890625
906 1.0615048471250153e-06 	 1.0 	 0.023265859501757902 	 0.99619140625
907 9.7982470252876e-07 	 1.0 	 0.023944715981483 	 0.99609375
908 9.937819364833088e-07 	 1.0 	 0.024233235809391296 	 0.99619140625
909 1.0646743811708648e-06 	 1.0 	 0.02456194638684437 	 0.99609375
910 9.91582245587267e-07 	 1.0 	 0.023688707924934604 	 0.9962890625
911 1.15826874251755e-06 	 1.0 	 0.02363840073578629 	 0.99609375
912 1.0525225524602052e-06 	 1.0 	 0.023793038372554955 	 0.99619140625
913 1.0208630282258084e-06 	 1.0 	 0.02426609417686478 	 0.9962890625
914 9.518684553246631e-07 	 1.0 	 0.02421480329344945 	 0.99609375
915 9.246352720367813e-07 	 1.0 	 0.024405147587875577 	 0.99619140625
916 1.18413135254441e-06 	 1.0 	 0.02402443686411395 	 0.99619140625
917 8.958000220093283e-07 	 1.0 	 0.02335389868864155 	 0.9962890625
918 8.227331867627193e-07 	 1.0 	 0.023420468229449654 	 0.99619140625
919 9.992438582126442e-07 	 1.0 	 0.023607148817006162 	 0.99619140625
920 1.0537114270049098e-06 	 1.0 	 0.023430803093420847 	 0.9962890625
921 1.0263122813597866e-06 	 1.0 	 0.024120585747843037 	 0.99638671875
922 1.0771442741787889e-06 	 1.0 	 0.024046749432039504 	 0.99619140625
923 1.0541236204056628e-06 	 1.0 	 0.024258609628703808 	 0.9962890625
924 9.999358482596073e-07 	 1.0 	 0.023727103609625287 	 0.9962890625
925 8.971436447660041e-07 	 1.0 	 0.023245521695296388 	 0.9962890625
926 1.0328292974834703e-06 	 1.0 	 0.023431260244284147 	 0.9962890625
927 1.102297959181253e-06 	 1.0 	 0.023657824119442596 	 0.99619140625
928 9.296072880337669e-07 	 1.0 	 0.024004433436289573 	 0.9962890625
929 8.883709893568506e-07 	 1.0 	 0.023984431234241654 	 0.99619140625
930 1.2135539900427225e-06 	 1.0 	 0.024768585849244927 	 0.99609375
931 1.03055076418395e-06 	 1.0 	 0.023811991012536105 	 0.99619140625
932 8.897451796983636e-07 	 1.0 	 0.024243665825984806 	 0.99619140625
933 1.0497584465759868e-06 	 1.0 	 0.02393475395805176 	 0.9962890625
934 8.740989078464887e-07 	 1.0 	 0.023331023703503817 	 0.99638671875
935 8.743488222272387e-07 	 1.0 	 0.024681736928874543 	 0.99619140625
936 9.173475196312536e-07 	 1.0 	 0.024424339633822713 	 0.99619140625
937 1.108890159158396e-06 	 1.0 	 0.024552576885536935 	 0.9962890625
938 9.285561280472053e-07 	 1.0 	 0.02425493137565802 	 0.99619140625
939 1.0026061321547164e-06 	 1.0 	 0.023974616105124014 	 0.9962890625
940 9.596312820550545e-07 	 1.0 	 0.025207117754371566 	 0.99619140625
941 1.048830238213868e-06 	 1.0 	 0.023567685301774333 	 0.99619140625
942 1.058299138403521e-06 	 1.0 	 0.023839565236423964 	 0.9962890625
943 9.725656406395208e-07 	 1.0 	 0.023896426264538917 	 0.9962890625
944 1.014267176894936e-06 	 1.0 	 0.02361080430767597 	 0.9962890625
945 9.543931111054876e-07 	 1.0 	 0.024100131461256426 	 0.99619140625
946 9.457483562600177e-07 	 1.0 	 0.023558521104936857 	 0.99619140625
947 9.537052994496046e-07 	 1.0 	 0.024122337014880913 	 0.9962890625
948 1.0280794171353765e-06 	 1.0 	 0.024044818722580175 	 0.99609375
949 9.05527143587555e-07 	 1.0 	 0.023824140092529332 	 0.99619140625
950 8.599207293380115e-07 	 1.0 	 0.023607143947561582 	 0.99638671875
951 9.471934808642569e-07 	 1.0 	 0.023826495641161925 	 0.9962890625
952 8.447144333259271e-07 	 1.0 	 0.02362412990049272 	 0.99638671875
953 8.370487494178812e-07 	 1.0 	 0.02435961160171409 	 0.99619140625
954 9.337514667537628e-07 	 1.0 	 0.024336893097703437 	 0.9962890625
955 8.895708417323053e-07 	 1.0 	 0.024013467338793504 	 0.9962890625
956 8.70910716038745e-07 	 1.0 	 0.024185375800945864 	 0.9962890625
957 9.003427973223963e-07 	 1.0 	 0.024094268356520843 	 0.99638671875
958 9.873247263964175e-07 	 1.0 	 0.02355464895642321 	 0.99619140625
959 8.337126038222405e-07 	 1.0 	 0.023930762734731558 	 0.99638671875
960 9.737458945017683e-07 	 1.0 	 0.023883385936652957 	 0.99619140625
961 8.164854850171658e-07 	 1.0 	 0.024409895707221095 	 0.99619140625
962 9.795802861859542e-07 	 1.0 	 0.02422378793394344 	 0.99619140625
963 9.870821365300642e-07 	 1.0 	 0.02399834461703172 	 0.99619140625
964 1.0253967265462377e-06 	 1.0 	 0.023364096923046772 	 0.99619140625
965 1.080313166628172e-06 	 1.0 	 0.023543700476674444 	 0.99619140625
966 1.0026368544234354e-06 	 1.0 	 0.023401924533344776 	 0.9962890625
967 9.113934412937542e-07 	 1.0 	 0.02419861873484521 	 0.99619140625
968 8.873415169881743e-07 	 1.0 	 0.024510997548151538 	 0.99619140625
969 8.798847640827776e-07 	 1.0 	 0.023792977508187717 	 0.99609375
970 9.269681993998656e-07 	 1.0 	 0.02381821418745993 	 0.99619140625
971 2.1819549645255498e-06 	 1.0 	 0.024475886854344965 	 0.9962890625
972 1.1207913402300093e-06 	 1.0 	 0.023803404985960876 	 0.9962890625
973 9.399690522817546e-07 	 1.0 	 0.024310953231178444 	 0.9962890625
974 1.0731293085820857e-06 	 1.0 	 0.024396470898960843 	 0.99609375
975 9.236785198100335e-07 	 1.0 	 0.023465782251122568 	 0.99619140625
976 8.62578177269513e-07 	 1.0 	 0.024307469379882818 	 0.99619140625
977 1.0122897705891739e-06 	 1.0 	 0.02364060844601106 	 0.9962890625
978 8.704649910177722e-07 	 1.0 	 0.0245571987745997 	 0.99609375
979 1.0569877173164227e-06 	 1.0 	 0.02392319804779177 	 0.9962890625
980 8.814932825140446e-07 	 1.0 	 0.024602395723982085 	 0.99619140625
981 8.937234014765078e-07 	 1.0 	 0.02460176419689475 	 0.99619140625
982 1.0098818111489197e-06 	 1.0 	 0.0246096868084134 	 0.99609375
983 9.282018024462343e-07 	 1.0 	 0.02331787564730181 	 0.99619140625
984 8.498085927458817e-07 	 1.0 	 0.023671583564463815 	 0.9962890625
985 9.286322587215758e-07 	 1.0 	 0.023431250940689985 	 0.99609375
986 1.135533147513852e-06 	 1.0 	 0.02438469619985604 	 0.99619140625
987 9.447454155570946e-07 	 1.0 	 0.02429895788688121 	 0.99638671875
988 9.19531646588411e-07 	 1.0 	 0.02413022917525325 	 0.9962890625
989 8.714885155077145e-07 	 1.0 	 0.02379502530469644 	 0.99619140625
990 9.765471294967984e-07 	 1.0 	 0.023705849859752704 	 0.99619140625
991 8.984885517696143e-07 	 1.0 	 0.024451022743879492 	 0.99609375
992 8.514905243072279e-07 	 1.0 	 0.024236659063680933 	 0.99619140625
993 9.378205025446532e-07 	 1.0 	 0.023658158966162014 	 0.99609375
994 9.476635123710111e-07 	 1.0 	 0.024334692748198706 	 0.9962890625
995 8.421690637342146e-07 	 1.0 	 0.02417913376268075 	 0.9962890625
996 9.74217495890002e-07 	 1.0 	 0.023969048517049885 	 0.9962890625
997 1.031200567327894e-06 	 1.0 	 0.02410899186982789 	 0.99619140625
998 1.013370613998264e-06 	 1.0 	 0.023534974949171072 	 0.996484375
999 9.51462752032162e-07 	 1.0 	 0.024223499150621386 	 0.99619140625
